2020-03-28 14:28:27,474 INFO o.a.j.u.JMeterUtils: Setting Locale to en_EN
2020-03-28 14:28:27,500 INFO o.a.j.JMeter: Loading user properties from: user.properties
2020-03-28 14:28:27,502 INFO o.a.j.JMeter: Loading system properties from: system.properties
2020-03-28 14:28:27,512 INFO o.a.j.JMeter: Copyright (c) 1998-2019 The Apache Software Foundation
2020-03-28 14:28:27,513 INFO o.a.j.JMeter: Version 5.1.1 r1855137
2020-03-28 14:28:27,513 INFO o.a.j.JMeter: java.version=1.8.0_201
2020-03-28 14:28:27,513 INFO o.a.j.JMeter: java.vm.name=Java HotSpot(TM) 64-Bit Server VM
2020-03-28 14:28:27,513 INFO o.a.j.JMeter: os.name=Windows 10
2020-03-28 14:28:27,513 INFO o.a.j.JMeter: os.arch=amd64
2020-03-28 14:28:27,513 INFO o.a.j.JMeter: os.version=10.0
2020-03-28 14:28:27,513 INFO o.a.j.JMeter: file.encoding=GBK
2020-03-28 14:28:27,513 INFO o.a.j.JMeter: java.awt.headless=null
2020-03-28 14:28:27,514 INFO o.a.j.JMeter: Max memory     =1073741824
2020-03-28 14:28:27,514 INFO o.a.j.JMeter: Available Processors =8
2020-03-28 14:28:27,518 INFO o.a.j.JMeter: Default Locale=English (EN)
2020-03-28 14:28:27,518 INFO o.a.j.JMeter: JMeter  Locale=English (EN)
2020-03-28 14:28:27,519 INFO o.a.j.JMeter: JMeterHome=D:\文档\64151-分布式中间件技术实战（Java版）_源代码+工具\源代码+工具\开发工具\apache-jmeter-5.1.1\apache-jmeter-5.1.1
2020-03-28 14:28:27,519 INFO o.a.j.JMeter: user.dir  =D:\文档\64151-分布式中间件技术实战（Java版）_源代码+工具\源代码+工具\开发工具\apache-jmeter-5.1.1\apache-jmeter-5.1.1\bin
2020-03-28 14:28:27,520 INFO o.a.j.JMeter: PWD       =D:\文档\64151-分布式中间件技术实战（Java版）_源代码+工具\源代码+工具\开发工具\apache-jmeter-5.1.1\apache-jmeter-5.1.1\bin
2020-03-28 14:28:36,530 INFO o.a.j.JMeter: IP: 192.168.126.1 Name: LAPTOP-2O5B8S2R FullName: LAPTOP-2O5B8S2R
2020-03-28 14:28:36,672 INFO o.a.j.g.a.LookAndFeelCommand: Installing Darcula LAF
2020-03-28 14:28:36,687 INFO o.a.j.g.a.LookAndFeelCommand: Using look and feel: com.bulenkov.darcula.DarculaLaf [Darcula]
2020-03-28 14:28:36,687 INFO o.a.j.JMeter: Setting LAF to: com.bulenkov.darcula.DarculaLaf
2020-03-28 14:28:36,719 INFO o.a.j.JMeter: Loaded icon properties from org/apache/jmeter/images/icon.properties
2020-03-28 14:28:37,893 INFO o.a.j.p.h.s.HTTPSamplerBase: Parser for text/html is org.apache.jmeter.protocol.http.parser.LagartoBasedHtmlParser
2020-03-28 14:28:37,893 INFO o.a.j.p.h.s.HTTPSamplerBase: Parser for application/xhtml+xml is org.apache.jmeter.protocol.http.parser.LagartoBasedHtmlParser
2020-03-28 14:28:37,893 INFO o.a.j.p.h.s.HTTPSamplerBase: Parser for application/xml is org.apache.jmeter.protocol.http.parser.LagartoBasedHtmlParser
2020-03-28 14:28:37,893 INFO o.a.j.p.h.s.HTTPSamplerBase: Parser for text/xml is org.apache.jmeter.protocol.http.parser.LagartoBasedHtmlParser
2020-03-28 14:28:37,893 INFO o.a.j.p.h.s.HTTPSamplerBase: Parser for text/vnd.wap.wml is org.apache.jmeter.protocol.http.parser.RegexpHTMLParser
2020-03-28 14:28:37,893 INFO o.a.j.p.h.s.HTTPSamplerBase: Parser for text/css is org.apache.jmeter.protocol.http.parser.CssParser
2020-03-28 14:28:38,257 INFO o.a.j.e.KeyToolUtils: keytool found at 'keytool'
2020-03-28 14:28:38,257 INFO o.a.j.p.h.p.ProxyControl: HTTP(S) Test Script Recorder SSL Proxy will use keys that support embedded 3rd party resources in file D:\文档\64151-分布式中间件技术实战（Java版）_源代码+工具\源代码+工具\开发工具\apache-jmeter-5.1.1\apache-jmeter-5.1.1\bin\proxyserver.jks
2020-03-28 14:28:38,382 INFO o.a.j.s.FileServer: Default base='D:\文档\64151-分布式中间件技术实战（Java版）_源代码+工具\源代码+工具\开发工具\apache-jmeter-5.1.1\apache-jmeter-5.1.1\bin'
2020-03-28 14:28:39,141 INFO o.a.j.s.SampleResult: Note: Sample TimeStamps are START times
2020-03-28 14:28:39,141 INFO o.a.j.s.SampleResult: sampleresult.default.encoding is set to ISO-8859-1
2020-03-28 14:28:39,141 INFO o.a.j.s.SampleResult: sampleresult.useNanoTime=true
2020-03-28 14:28:39,141 INFO o.a.j.s.SampleResult: sampleresult.nanoThreadSleep=5000
2020-03-28 14:30:00,720 INFO o.a.j.s.FileServer: Set new base='D:\文档\64151-分布式中间件技术实战（Java版）_源代码+工具\源代码+工具\开发工具\apache-jmeter-5.1.1\apache-jmeter-5.1.1\bin'
2020-03-28 14:30:00,862 INFO o.a.j.s.SaveService: Testplan (JMX) version: 2.2. Testlog (JTL) version: 2.2
2020-03-28 14:30:01,009 INFO o.a.j.s.SaveService: Using SaveService properties file encoding UTF-8
2020-03-28 14:30:01,009 INFO o.a.j.s.SaveService: Using SaveService properties version 5.0
2020-03-28 14:32:59,777 INFO o.a.j.e.StandardJMeterEngine: Running the test!
2020-03-28 14:32:59,777 INFO o.a.j.s.SampleEvent: List of sample_variables: []
2020-03-28 14:32:59,777 INFO o.a.j.s.SampleEvent: List of sample_variables: []
2020-03-28 14:32:59,777 INFO o.a.j.e.u.CompoundVariable: Note: Function class names must contain the string: '.functions.'
2020-03-28 14:32:59,777 INFO o.a.j.e.u.CompoundVariable: Note: Function class names must not contain the string: '.gui.'
2020-03-28 14:33:00,111 INFO o.a.j.g.u.JMeterMenuBar: setRunning(true, *local*)
2020-03-28 14:33:00,142 INFO o.a.j.e.StandardJMeterEngine: Starting ThreadGroup: 1 : Thread Group202002
2020-03-28 14:33:00,142 INFO o.a.j.e.StandardJMeterEngine: Starting 200 threads for group Thread Group202002.
2020-03-28 14:33:00,142 INFO o.a.j.e.StandardJMeterEngine: Thread will continue on error
2020-03-28 14:33:00,142 INFO o.a.j.t.ThreadGroup: Starting thread group... number=1 threads=200 ramp-up=1 delayedStart=false
2020-03-28 14:33:00,157 INFO o.a.j.t.JMeterThread: Thread started: Thread Group202002 1-3
2020-03-28 14:33:00,157 INFO o.a.j.t.JMeterThread: Thread started: Thread Group202002 1-1
2020-03-28 14:33:00,163 INFO o.a.j.t.JMeterThread: Thread started: Thread Group202002 1-2
2020-03-28 14:33:00,171 INFO o.a.j.t.JMeterThread: Thread started: Thread Group202002 1-6
2020-03-28 14:33:00,173 INFO o.a.j.t.JMeterThread: Thread started: Thread Group202002 1-4
2020-03-28 14:33:00,174 INFO o.a.j.t.JMeterThread: Thread started: Thread Group202002 1-7
2020-03-28 14:33:00,181 INFO o.a.j.t.JMeterThread: Thread started: Thread Group202002 1-5
2020-03-28 14:33:00,181 INFO o.a.j.t.JMeterThread: Thread started: Thread Group202002 1-8
2020-03-28 14:33:00,183 INFO o.a.j.p.h.s.HTTPHCAbstractImpl: Local host = LAPTOP-2O5B8S2R
2020-03-28 14:33:00,187 INFO o.a.j.t.JMeterThread: Thread started: Thread Group202002 1-9
2020-03-28 14:33:00,191 INFO o.a.j.t.JMeterThread: Thread started: Thread Group202002 1-10
2020-03-28 14:33:00,192 INFO o.a.j.p.h.s.HTTPHC4Impl: HTTP request retry count = 0
2020-03-28 14:33:00,196 INFO o.a.j.t.ThreadGroup: Started thread group number 1
2020-03-28 14:33:00,196 INFO o.a.j.t.JMeterThread: Thread started: Thread Group202002 1-11
2020-03-28 14:33:00,196 INFO o.a.j.e.StandardJMeterEngine: All thread groups have been started
2020-03-28 14:33:00,201 INFO o.a.j.t.JMeterThread: Thread started: Thread Group202002 1-12
2020-03-28 14:33:00,208 INFO o.a.j.t.JMeterThread: Thread started: Thread Group202002 1-13
2020-03-28 14:33:00,212 INFO o.a.j.t.JMeterThread: Thread started: Thread Group202002 1-14
2020-03-28 14:33:00,216 INFO o.a.j.t.JMeterThread: Thread started: Thread Group202002 1-15
2020-03-28 14:33:00,221 INFO o.a.j.t.JMeterThread: Thread started: Thread Group202002 1-16
2020-03-28 14:33:00,226 INFO o.a.j.t.JMeterThread: Thread started: Thread Group202002 1-17
2020-03-28 14:33:00,231 INFO o.a.j.t.JMeterThread: Thread started: Thread Group202002 1-18
2020-03-28 14:33:00,236 INFO o.a.j.t.JMeterThread: Thread started: Thread Group202002 1-19
2020-03-28 14:33:00,240 INFO o.a.j.t.JMeterThread: Thread started: Thread Group202002 1-20
2020-03-28 14:33:00,245 INFO o.a.j.t.JMeterThread: Thread started: Thread Group202002 1-21
2020-03-28 14:33:00,251 INFO o.a.j.t.JMeterThread: Thread started: Thread Group202002 1-22
2020-03-28 14:33:00,255 INFO o.a.j.t.JMeterThread: Thread started: Thread Group202002 1-23
2020-03-28 14:33:00,260 INFO o.a.j.t.JMeterThread: Thread started: Thread Group202002 1-24
2020-03-28 14:33:00,265 INFO o.a.j.t.JMeterThread: Thread started: Thread Group202002 1-25
2020-03-28 14:33:00,269 INFO o.a.j.t.JMeterThread: Thread started: Thread Group202002 1-26
2020-03-28 14:33:00,274 INFO o.a.j.t.JMeterThread: Thread started: Thread Group202002 1-27
2020-03-28 14:33:00,279 INFO o.a.j.t.JMeterThread: Thread started: Thread Group202002 1-28
2020-03-28 14:33:00,285 INFO o.a.j.t.JMeterThread: Thread started: Thread Group202002 1-29
2020-03-28 14:33:00,289 INFO o.a.j.t.JMeterThread: Thread started: Thread Group202002 1-30
2020-03-28 14:33:00,293 INFO o.a.j.t.JMeterThread: Thread started: Thread Group202002 1-31
2020-03-28 14:33:00,298 INFO o.a.j.t.JMeterThread: Thread started: Thread Group202002 1-32
2020-03-28 14:33:00,303 INFO o.a.j.t.JMeterThread: Thread started: Thread Group202002 1-33
2020-03-28 14:33:00,309 INFO o.a.j.t.JMeterThread: Thread started: Thread Group202002 1-34
2020-03-28 14:33:00,314 INFO o.a.j.t.JMeterThread: Thread started: Thread Group202002 1-35
2020-03-28 14:33:00,317 INFO o.a.j.t.JMeterThread: Thread started: Thread Group202002 1-36
2020-03-28 14:33:00,323 INFO o.a.j.t.JMeterThread: Thread started: Thread Group202002 1-37
2020-03-28 14:33:00,345 INFO o.a.j.t.JMeterThread: Thread started: Thread Group202002 1-39
2020-03-28 14:33:00,353 INFO o.a.j.t.JMeterThread: Thread started: Thread Group202002 1-40
2020-03-28 14:33:00,356 INFO o.a.j.t.JMeterThread: Thread started: Thread Group202002 1-38
2020-03-28 14:33:00,356 INFO o.a.j.t.JMeterThread: Thread started: Thread Group202002 1-42
2020-03-28 14:33:00,371 INFO o.a.j.t.JMeterThread: Thread started: Thread Group202002 1-41
2020-03-28 14:33:00,378 INFO o.a.j.t.JMeterThread: Thread started: Thread Group202002 1-43
2020-03-28 14:33:00,384 INFO o.a.j.t.JMeterThread: Thread started: Thread Group202002 1-44
2020-03-28 14:33:00,398 INFO o.a.j.t.JMeterThread: Thread started: Thread Group202002 1-47
2020-03-28 14:33:00,399 INFO o.a.j.t.JMeterThread: Thread started: Thread Group202002 1-45
2020-03-28 14:33:00,403 INFO o.a.j.t.JMeterThread: Thread started: Thread Group202002 1-51
2020-03-28 14:33:00,403 INFO o.a.j.t.JMeterThread: Thread started: Thread Group202002 1-48
2020-03-28 14:33:00,404 INFO o.a.j.t.JMeterThread: Thread started: Thread Group202002 1-46
2020-03-28 14:33:00,419 INFO o.a.j.t.JMeterThread: Thread started: Thread Group202002 1-49
2020-03-28 14:33:00,422 INFO o.a.j.t.JMeterThread: Thread started: Thread Group202002 1-52
2020-03-28 14:33:00,423 INFO o.a.j.t.JMeterThread: Thread started: Thread Group202002 1-50
2020-03-28 14:33:00,436 INFO o.a.j.t.JMeterThread: Thread started: Thread Group202002 1-55
2020-03-28 14:33:00,439 INFO o.a.j.t.JMeterThread: Thread started: Thread Group202002 1-53
2020-03-28 14:33:00,441 INFO o.a.j.t.JMeterThread: Thread started: Thread Group202002 1-56
2020-03-28 14:33:00,444 INFO o.a.j.t.JMeterThread: Thread started: Thread Group202002 1-54
2020-03-28 14:33:00,457 INFO o.a.j.t.JMeterThread: Thread started: Thread Group202002 1-59
2020-03-28 14:33:00,458 INFO o.a.j.t.JMeterThread: Thread started: Thread Group202002 1-57
2020-03-28 14:33:00,461 INFO o.a.j.t.JMeterThread: Thread started: Thread Group202002 1-60
2020-03-28 14:33:00,463 INFO o.a.j.t.JMeterThread: Thread started: Thread Group202002 1-58
2020-03-28 14:33:00,476 INFO o.a.j.t.JMeterThread: Thread started: Thread Group202002 1-63
2020-03-28 14:33:00,477 INFO o.a.j.t.JMeterThread: Thread started: Thread Group202002 1-61
2020-03-28 14:33:00,482 INFO o.a.j.t.JMeterThread: Thread started: Thread Group202002 1-64
2020-03-28 14:33:00,483 INFO o.a.j.t.JMeterThread: Thread started: Thread Group202002 1-62
2020-03-28 14:33:00,496 INFO o.a.j.t.JMeterThread: Thread started: Thread Group202002 1-67
2020-03-28 14:33:00,498 INFO o.a.j.t.JMeterThread: Thread started: Thread Group202002 1-65
2020-03-28 14:33:00,502 INFO o.a.j.t.JMeterThread: Thread started: Thread Group202002 1-68
2020-03-28 14:33:00,502 INFO o.a.j.t.JMeterThread: Thread started: Thread Group202002 1-66
2020-03-28 14:33:00,517 INFO o.a.j.t.JMeterThread: Thread started: Thread Group202002 1-69
2020-03-28 14:33:00,518 INFO o.a.j.t.JMeterThread: Thread started: Thread Group202002 1-71
2020-03-28 14:33:00,521 INFO o.a.j.t.JMeterThread: Thread started: Thread Group202002 1-72
2020-03-28 14:33:00,529 INFO o.a.j.t.JMeterThread: Thread started: Thread Group202002 1-70
2020-03-28 14:33:00,536 INFO o.a.j.t.JMeterThread: Thread started: Thread Group202002 1-75
2020-03-28 14:33:00,537 INFO o.a.j.t.JMeterThread: Thread started: Thread Group202002 1-73
2020-03-28 14:33:00,542 INFO o.a.j.t.JMeterThread: Thread started: Thread Group202002 1-76
2020-03-28 14:33:00,543 INFO o.a.j.t.JMeterThread: Thread started: Thread Group202002 1-74
2020-03-28 14:33:00,556 INFO o.a.j.t.JMeterThread: Thread started: Thread Group202002 1-79
2020-03-28 14:33:00,558 INFO o.a.j.t.JMeterThread: Thread started: Thread Group202002 1-77
2020-03-28 14:33:00,561 INFO o.a.j.t.JMeterThread: Thread started: Thread Group202002 1-80
2020-03-28 14:33:00,563 INFO o.a.j.t.JMeterThread: Thread started: Thread Group202002 1-78
2020-03-28 14:33:00,576 INFO o.a.j.t.JMeterThread: Thread started: Thread Group202002 1-83
2020-03-28 14:33:00,577 INFO o.a.j.t.JMeterThread: Thread started: Thread Group202002 1-81
2020-03-28 14:33:00,582 INFO o.a.j.t.JMeterThread: Thread started: Thread Group202002 1-84
2020-03-28 14:33:00,582 INFO o.a.j.t.JMeterThread: Thread started: Thread Group202002 1-82
2020-03-28 14:33:00,597 INFO o.a.j.t.JMeterThread: Thread started: Thread Group202002 1-87
2020-03-28 14:33:00,598 INFO o.a.j.t.JMeterThread: Thread started: Thread Group202002 1-85
2020-03-28 14:33:00,601 INFO o.a.j.t.JMeterThread: Thread started: Thread Group202002 1-88
2020-03-28 14:33:00,603 INFO o.a.j.t.JMeterThread: Thread started: Thread Group202002 1-86
2020-03-28 14:33:00,617 INFO o.a.j.t.JMeterThread: Thread started: Thread Group202002 1-91
2020-03-28 14:33:00,617 INFO o.a.j.t.JMeterThread: Thread started: Thread Group202002 1-89
2020-03-28 14:33:00,621 INFO o.a.j.t.JMeterThread: Thread started: Thread Group202002 1-92
2020-03-28 14:33:00,622 INFO o.a.j.t.JMeterThread: Thread started: Thread Group202002 1-90
2020-03-28 14:33:00,635 INFO o.a.j.t.JMeterThread: Thread started: Thread Group202002 1-95
2020-03-28 14:33:00,637 INFO o.a.j.t.JMeterThread: Thread started: Thread Group202002 1-93
2020-03-28 14:33:00,640 INFO o.a.j.t.JMeterThread: Thread started: Thread Group202002 1-96
2020-03-28 14:33:00,642 INFO o.a.j.t.JMeterThread: Thread started: Thread Group202002 1-94
2020-03-28 14:33:00,655 INFO o.a.j.t.JMeterThread: Thread started: Thread Group202002 1-99
2020-03-28 14:33:00,656 INFO o.a.j.t.JMeterThread: Thread started: Thread Group202002 1-97
2020-03-28 14:33:00,658 INFO o.a.j.t.JMeterThread: Thread started: Thread Group202002 1-100
2020-03-28 14:33:00,661 INFO o.a.j.t.JMeterThread: Thread started: Thread Group202002 1-98
2020-03-28 14:33:00,673 INFO o.a.j.t.JMeterThread: Thread started: Thread Group202002 1-103
2020-03-28 14:33:00,674 INFO o.a.j.t.JMeterThread: Thread started: Thread Group202002 1-101
2020-03-28 14:33:00,678 INFO o.a.j.t.JMeterThread: Thread started: Thread Group202002 1-104
2020-03-28 14:33:00,679 INFO o.a.j.t.JMeterThread: Thread started: Thread Group202002 1-102
2020-03-28 14:33:00,692 INFO o.a.j.t.JMeterThread: Thread started: Thread Group202002 1-107
2020-03-28 14:33:00,694 INFO o.a.j.t.JMeterThread: Thread started: Thread Group202002 1-105
2020-03-28 14:33:00,698 INFO o.a.j.t.JMeterThread: Thread started: Thread Group202002 1-108
2020-03-28 14:33:00,699 INFO o.a.j.t.JMeterThread: Thread started: Thread Group202002 1-106
2020-03-28 14:33:00,713 INFO o.a.j.t.JMeterThread: Thread started: Thread Group202002 1-111
2020-03-28 14:33:00,714 INFO o.a.j.t.JMeterThread: Thread started: Thread Group202002 1-109
2020-03-28 14:33:00,718 INFO o.a.j.t.JMeterThread: Thread started: Thread Group202002 1-112
2020-03-28 14:33:00,719 INFO o.a.j.t.JMeterThread: Thread started: Thread Group202002 1-110
2020-03-28 14:33:00,732 INFO o.a.j.t.JMeterThread: Thread started: Thread Group202002 1-115
2020-03-28 14:33:00,734 INFO o.a.j.t.JMeterThread: Thread started: Thread Group202002 1-113
2020-03-28 14:33:00,737 INFO o.a.j.t.JMeterThread: Thread started: Thread Group202002 1-116
2020-03-28 14:33:00,739 INFO o.a.j.t.JMeterThread: Thread started: Thread Group202002 1-114
2020-03-28 14:33:00,752 INFO o.a.j.t.JMeterThread: Thread started: Thread Group202002 1-119
2020-03-28 14:33:00,753 INFO o.a.j.t.JMeterThread: Thread started: Thread Group202002 1-117
2020-03-28 14:33:00,758 INFO o.a.j.t.JMeterThread: Thread started: Thread Group202002 1-120
2020-03-28 14:33:00,758 INFO o.a.j.t.JMeterThread: Thread started: Thread Group202002 1-118
2020-03-28 14:33:00,772 INFO o.a.j.t.JMeterThread: Thread started: Thread Group202002 1-123
2020-03-28 14:33:00,773 INFO o.a.j.t.JMeterThread: Thread started: Thread Group202002 1-121
2020-03-28 14:33:00,777 INFO o.a.j.t.JMeterThread: Thread started: Thread Group202002 1-124
2020-03-28 14:33:00,778 INFO o.a.j.t.JMeterThread: Thread started: Thread Group202002 1-122
2020-03-28 14:33:00,792 INFO o.a.j.t.JMeterThread: Thread started: Thread Group202002 1-125
2020-03-28 14:33:00,792 INFO o.a.j.t.JMeterThread: Thread started: Thread Group202002 1-127
2020-03-28 14:33:00,798 INFO o.a.j.t.JMeterThread: Thread started: Thread Group202002 1-128
2020-03-28 14:33:00,798 INFO o.a.j.t.JMeterThread: Thread started: Thread Group202002 1-126
2020-03-28 14:33:00,812 INFO o.a.j.t.JMeterThread: Thread started: Thread Group202002 1-131
2020-03-28 14:33:00,813 INFO o.a.j.t.JMeterThread: Thread started: Thread Group202002 1-129
2020-03-28 14:33:00,817 INFO o.a.j.t.JMeterThread: Thread started: Thread Group202002 1-130
2020-03-28 14:33:00,817 INFO o.a.j.t.JMeterThread: Thread started: Thread Group202002 1-132
2020-03-28 14:33:00,832 INFO o.a.j.t.JMeterThread: Thread started: Thread Group202002 1-133
2020-03-28 14:33:00,833 INFO o.a.j.t.JMeterThread: Thread started: Thread Group202002 1-135
2020-03-28 14:33:00,837 INFO o.a.j.t.JMeterThread: Thread started: Thread Group202002 1-134
2020-03-28 14:33:00,838 INFO o.a.j.t.JMeterThread: Thread started: Thread Group202002 1-136
2020-03-28 14:33:00,852 INFO o.a.j.t.JMeterThread: Thread started: Thread Group202002 1-137
2020-03-28 14:33:00,853 INFO o.a.j.t.JMeterThread: Thread started: Thread Group202002 1-139
2020-03-28 14:33:00,857 INFO o.a.j.t.JMeterThread: Thread started: Thread Group202002 1-138
2020-03-28 14:33:00,857 INFO o.a.j.t.JMeterThread: Thread started: Thread Group202002 1-140
2020-03-28 14:33:00,871 INFO o.a.j.t.JMeterThread: Thread started: Thread Group202002 1-141
2020-03-28 14:33:00,872 INFO o.a.j.t.JMeterThread: Thread started: Thread Group202002 1-143
2020-03-28 14:33:00,876 INFO o.a.j.t.JMeterThread: Thread started: Thread Group202002 1-142
2020-03-28 14:33:00,877 INFO o.a.j.t.JMeterThread: Thread started: Thread Group202002 1-144
2020-03-28 14:33:00,891 INFO o.a.j.t.JMeterThread: Thread started: Thread Group202002 1-145
2020-03-28 14:33:00,891 INFO o.a.j.t.JMeterThread: Thread started: Thread Group202002 1-147
2020-03-28 14:33:00,896 INFO o.a.j.t.JMeterThread: Thread started: Thread Group202002 1-146
2020-03-28 14:33:00,897 INFO o.a.j.t.JMeterThread: Thread started: Thread Group202002 1-148
2020-03-28 14:33:00,911 INFO o.a.j.t.JMeterThread: Thread started: Thread Group202002 1-149
2020-03-28 14:33:00,912 INFO o.a.j.t.JMeterThread: Thread started: Thread Group202002 1-151
2020-03-28 14:33:00,916 INFO o.a.j.t.JMeterThread: Thread started: Thread Group202002 1-150
2020-03-28 14:33:00,917 INFO o.a.j.t.JMeterThread: Thread started: Thread Group202002 1-152
2020-03-28 14:33:00,931 INFO o.a.j.t.JMeterThread: Thread started: Thread Group202002 1-153
2020-03-28 14:33:00,931 INFO o.a.j.t.JMeterThread: Thread started: Thread Group202002 1-155
2020-03-28 14:33:00,936 INFO o.a.j.t.JMeterThread: Thread started: Thread Group202002 1-154
2020-03-28 14:33:00,936 INFO o.a.j.t.JMeterThread: Thread started: Thread Group202002 1-156
2020-03-28 14:33:00,950 INFO o.a.j.t.JMeterThread: Thread started: Thread Group202002 1-157
2020-03-28 14:33:00,951 INFO o.a.j.t.JMeterThread: Thread started: Thread Group202002 1-159
2020-03-28 14:33:00,955 INFO o.a.j.t.JMeterThread: Thread started: Thread Group202002 1-158
2020-03-28 14:33:00,956 INFO o.a.j.t.JMeterThread: Thread started: Thread Group202002 1-160
2020-03-28 14:33:00,970 INFO o.a.j.t.JMeterThread: Thread started: Thread Group202002 1-161
2020-03-28 14:33:00,972 INFO o.a.j.t.JMeterThread: Thread started: Thread Group202002 1-163
2020-03-28 14:33:00,975 INFO o.a.j.t.JMeterThread: Thread started: Thread Group202002 1-162
2020-03-28 14:33:00,976 INFO o.a.j.t.JMeterThread: Thread started: Thread Group202002 1-164
2020-03-28 14:33:00,989 INFO o.a.j.t.JMeterThread: Thread started: Thread Group202002 1-165
2020-03-28 14:33:00,991 INFO o.a.j.t.JMeterThread: Thread started: Thread Group202002 1-167
2020-03-28 14:33:00,994 INFO o.a.j.t.JMeterThread: Thread started: Thread Group202002 1-166
2020-03-28 14:33:00,996 INFO o.a.j.t.JMeterThread: Thread started: Thread Group202002 1-168
2020-03-28 14:33:01,009 INFO o.a.j.t.JMeterThread: Thread started: Thread Group202002 1-169
2020-03-28 14:33:01,011 INFO o.a.j.t.JMeterThread: Thread started: Thread Group202002 1-171
2020-03-28 14:33:01,014 INFO o.a.j.t.JMeterThread: Thread started: Thread Group202002 1-170
2020-03-28 14:33:01,015 INFO o.a.j.t.JMeterThread: Thread started: Thread Group202002 1-172
2020-03-28 14:33:01,029 INFO o.a.j.t.JMeterThread: Thread started: Thread Group202002 1-173
2020-03-28 14:33:01,031 INFO o.a.j.t.JMeterThread: Thread started: Thread Group202002 1-175
2020-03-28 14:33:01,034 INFO o.a.j.t.JMeterThread: Thread started: Thread Group202002 1-174
2020-03-28 14:33:01,036 INFO o.a.j.t.JMeterThread: Thread started: Thread Group202002 1-176
2020-03-28 14:33:01,050 INFO o.a.j.t.JMeterThread: Thread started: Thread Group202002 1-177
2020-03-28 14:33:01,051 INFO o.a.j.t.JMeterThread: Thread started: Thread Group202002 1-179
2020-03-28 14:33:01,055 INFO o.a.j.t.JMeterThread: Thread started: Thread Group202002 1-178
2020-03-28 14:33:01,057 INFO o.a.j.t.JMeterThread: Thread started: Thread Group202002 1-180
2020-03-28 14:33:01,069 INFO o.a.j.t.JMeterThread: Thread started: Thread Group202002 1-181
2020-03-28 14:33:01,071 INFO o.a.j.t.JMeterThread: Thread started: Thread Group202002 1-183
2020-03-28 14:33:01,074 INFO o.a.j.t.JMeterThread: Thread started: Thread Group202002 1-182
2020-03-28 14:33:01,076 INFO o.a.j.t.JMeterThread: Thread started: Thread Group202002 1-184
2020-03-28 14:33:01,089 INFO o.a.j.t.JMeterThread: Thread started: Thread Group202002 1-185
2020-03-28 14:33:01,090 INFO o.a.j.t.JMeterThread: Thread started: Thread Group202002 1-187
2020-03-28 14:33:01,094 INFO o.a.j.t.JMeterThread: Thread started: Thread Group202002 1-186
2020-03-28 14:33:01,095 INFO o.a.j.t.JMeterThread: Thread started: Thread Group202002 1-188
2020-03-28 14:33:01,108 INFO o.a.j.t.JMeterThread: Thread started: Thread Group202002 1-189
2020-03-28 14:33:01,110 INFO o.a.j.t.JMeterThread: Thread started: Thread Group202002 1-191
2020-03-28 14:33:01,113 INFO o.a.j.t.JMeterThread: Thread started: Thread Group202002 1-190
2020-03-28 14:33:01,114 INFO o.a.j.t.JMeterThread: Thread started: Thread Group202002 1-192
2020-03-28 14:33:01,126 INFO o.a.j.t.JMeterThread: Thread started: Thread Group202002 1-193
2020-03-28 14:33:01,130 INFO o.a.j.t.JMeterThread: Thread started: Thread Group202002 1-195
2020-03-28 14:33:01,131 INFO o.a.j.t.JMeterThread: Thread started: Thread Group202002 1-194
2020-03-28 14:33:01,135 INFO o.a.j.t.JMeterThread: Thread started: Thread Group202002 1-196
2020-03-28 14:33:01,146 INFO o.a.j.t.JMeterThread: Thread started: Thread Group202002 1-198
2020-03-28 14:33:01,147 INFO o.a.j.t.JMeterThread: Thread started: Thread Group202002 1-197
2020-03-28 14:33:01,151 INFO o.a.j.t.JMeterThread: Thread started: Thread Group202002 1-199
2020-03-28 14:33:01,156 INFO o.a.j.t.JMeterThread: Thread started: Thread Group202002 1-200
2020-03-28 14:33:03,370 INFO o.a.j.u.JsseSSLManager: Using default SSL protocol: TLS
2020-03-28 14:33:03,370 INFO o.a.j.u.JsseSSLManager: SSL session context: per-thread
2020-03-28 14:34:46,615 INFO o.a.j.g.a.Start: Stopping test
2020-03-28 14:34:46,615 INFO o.a.j.t.JMeterThread: Stopping: Thread Group202002 1-69
2020-03-28 14:34:46,615 WARN o.a.j.t.JMeterThread: Interrupting: Thread Group202002 1-69 sampler: HTTP Request202002
2020-03-28 14:34:46,631 INFO o.a.j.t.JMeterThread: Stopping: Thread Group202002 1-190
2020-03-28 14:34:46,631 WARN o.a.j.t.JMeterThread: Interrupting: Thread Group202002 1-190 sampler: HTTP Request202002
2020-03-28 14:34:46,631 INFO o.a.j.t.JMeterThread: Stopping: Thread Group202002 1-16
2020-03-28 14:34:46,631 WARN o.a.j.t.JMeterThread: Interrupting: Thread Group202002 1-16 sampler: HTTP Request202002
2020-03-28 14:34:46,631 INFO o.a.j.t.JMeterThread: Stopping: Thread Group202002 1-96
2020-03-28 14:34:46,631 WARN o.a.j.t.JMeterThread: Interrupting: Thread Group202002 1-96 sampler: HTTP Request202002
2020-03-28 14:34:46,631 INFO o.a.j.t.JMeterThread: Stopping: Thread Group202002 1-199
2020-03-28 14:34:46,631 WARN o.a.j.t.JMeterThread: Interrupting: Thread Group202002 1-199 sampler: HTTP Request202002
2020-03-28 14:34:46,631 INFO o.a.j.t.JMeterThread: Thread finished: Thread Group202002 1-190
2020-03-28 14:34:46,631 INFO o.a.j.t.JMeterThread: Thread finished: Thread Group202002 1-16
2020-03-28 14:34:46,631 INFO o.a.j.t.JMeterThread: Thread finished: Thread Group202002 1-69
2020-03-28 14:34:46,631 INFO o.a.j.t.JMeterThread: Thread finished: Thread Group202002 1-96
2020-03-28 14:34:46,631 INFO o.a.j.t.JMeterThread: Stopping: Thread Group202002 1-122
2020-03-28 14:34:46,631 WARN o.a.j.t.JMeterThread: Interrupting: Thread Group202002 1-122 sampler: HTTP Request202002
2020-03-28 14:34:46,646 INFO o.a.j.t.JMeterThread: Thread finished: Thread Group202002 1-199
2020-03-28 14:34:46,646 INFO o.a.j.t.JMeterThread: Stopping: Thread Group202002 1-137
2020-03-28 14:34:46,646 WARN o.a.j.t.JMeterThread: Interrupting: Thread Group202002 1-137 sampler: HTTP Request202002
2020-03-28 14:34:46,646 INFO o.a.j.t.JMeterThread: Thread finished: Thread Group202002 1-122
2020-03-28 14:34:46,646 INFO o.a.j.t.JMeterThread: Stopping: Thread Group202002 1-51
2020-03-28 14:34:46,646 WARN o.a.j.t.JMeterThread: Interrupting: Thread Group202002 1-51 sampler: HTTP Request202002
2020-03-28 14:34:46,646 INFO o.a.j.t.JMeterThread: Stopping: Thread Group202002 1-173
2020-03-28 14:34:46,646 WARN o.a.j.t.JMeterThread: Interrupting: Thread Group202002 1-173 sampler: HTTP Request202002
2020-03-28 14:34:46,646 INFO o.a.j.t.JMeterThread: Thread finished: Thread Group202002 1-137
2020-03-28 14:34:46,646 INFO o.a.j.t.JMeterThread: Stopping: Thread Group202002 1-25
2020-03-28 14:34:46,646 WARN o.a.j.t.JMeterThread: Interrupting: Thread Group202002 1-25 sampler: HTTP Request202002
2020-03-28 14:34:46,646 INFO o.a.j.t.JMeterThread: Thread finished: Thread Group202002 1-51
2020-03-28 14:34:46,646 INFO o.a.j.t.JMeterThread: Stopping: Thread Group202002 1-172
2020-03-28 14:34:46,646 WARN o.a.j.t.JMeterThread: Interrupting: Thread Group202002 1-172 sampler: HTTP Request202002
2020-03-28 14:34:46,646 INFO o.a.j.t.JMeterThread: Thread finished: Thread Group202002 1-173
2020-03-28 14:34:46,646 INFO o.a.j.t.JMeterThread: Stopping: Thread Group202002 1-106
2020-03-28 14:34:46,646 WARN o.a.j.t.JMeterThread: Interrupting: Thread Group202002 1-106 sampler: HTTP Request202002
2020-03-28 14:34:46,646 INFO o.a.j.t.JMeterThread: Thread finished: Thread Group202002 1-25
2020-03-28 14:34:46,646 INFO o.a.j.t.JMeterThread: Stopping: Thread Group202002 1-157
2020-03-28 14:34:46,646 WARN o.a.j.t.JMeterThread: Interrupting: Thread Group202002 1-157 sampler: HTTP Request202002
2020-03-28 14:34:46,646 INFO o.a.j.t.JMeterThread: Thread finished: Thread Group202002 1-172
2020-03-28 14:34:46,662 INFO o.a.j.t.JMeterThread: Stopping: Thread Group202002 1-91
2020-03-28 14:34:46,662 WARN o.a.j.t.JMeterThread: Interrupting: Thread Group202002 1-91 sampler: HTTP Request202002
2020-03-28 14:34:46,662 INFO o.a.j.t.JMeterThread: Thread finished: Thread Group202002 1-106
2020-03-28 14:34:46,662 INFO o.a.j.t.JMeterThread: Stopping: Thread Group202002 1-124
2020-03-28 14:34:46,662 WARN o.a.j.t.JMeterThread: Interrupting: Thread Group202002 1-124 sampler: HTTP Request202002
2020-03-28 14:34:46,662 INFO o.a.j.t.JMeterThread: Thread finished: Thread Group202002 1-157
2020-03-28 14:34:46,662 INFO o.a.j.t.JMeterThread: Thread finished: Thread Group202002 1-91
2020-03-28 14:34:46,662 INFO o.a.j.t.JMeterThread: Stopping: Thread Group202002 1-103
2020-03-28 14:34:46,662 WARN o.a.j.t.JMeterThread: Interrupting: Thread Group202002 1-103 sampler: HTTP Request202002
2020-03-28 14:34:46,662 INFO o.a.j.t.JMeterThread: Thread finished: Thread Group202002 1-124
2020-03-28 14:34:46,662 INFO o.a.j.t.JMeterThread: Stopping: Thread Group202002 1-65
2020-03-28 14:34:46,662 WARN o.a.j.t.JMeterThread: Interrupting: Thread Group202002 1-65 sampler: HTTP Request202002
2020-03-28 14:34:46,662 INFO o.a.j.t.JMeterThread: Stopping: Thread Group202002 1-102
2020-03-28 14:34:46,662 WARN o.a.j.t.JMeterThread: Interrupting: Thread Group202002 1-102 sampler: HTTP Request202002
2020-03-28 14:34:46,662 INFO o.a.j.t.JMeterThread: Thread finished: Thread Group202002 1-103
2020-03-28 14:34:46,662 INFO o.a.j.t.JMeterThread: Stopping: Thread Group202002 1-23
2020-03-28 14:34:46,662 WARN o.a.j.t.JMeterThread: Interrupting: Thread Group202002 1-23 sampler: HTTP Request202002
2020-03-28 14:34:46,662 INFO o.a.j.t.JMeterThread: Thread finished: Thread Group202002 1-65
2020-03-28 14:34:46,662 INFO o.a.j.t.JMeterThread: Stopping: Thread Group202002 1-148
2020-03-28 14:34:46,662 INFO o.a.j.t.JMeterThread: Thread finished: Thread Group202002 1-102
2020-03-28 14:34:46,662 WARN o.a.j.t.JMeterThread: Interrupting: Thread Group202002 1-148 sampler: HTTP Request202002
2020-03-28 14:34:46,677 INFO o.a.j.t.JMeterThread: Stopping: Thread Group202002 1-175
2020-03-28 14:34:46,677 WARN o.a.j.t.JMeterThread: Interrupting: Thread Group202002 1-175 sampler: HTTP Request202002
2020-03-28 14:34:46,677 INFO o.a.j.t.JMeterThread: Thread finished: Thread Group202002 1-23
2020-03-28 14:34:46,677 INFO o.a.j.t.JMeterThread: Thread finished: Thread Group202002 1-148
2020-03-28 14:34:46,677 INFO o.a.j.t.JMeterThread: Stopping: Thread Group202002 1-198
2020-03-28 14:34:46,677 WARN o.a.j.t.JMeterThread: Interrupting: Thread Group202002 1-198 sampler: HTTP Request202002
2020-03-28 14:34:46,677 INFO o.a.j.t.JMeterThread: Stopping: Thread Group202002 1-83
2020-03-28 14:34:46,677 WARN o.a.j.t.JMeterThread: Interrupting: Thread Group202002 1-83 sampler: HTTP Request202002
2020-03-28 14:34:46,677 INFO o.a.j.t.JMeterThread: Stopping: Thread Group202002 1-8
2020-03-28 14:34:46,677 WARN o.a.j.t.JMeterThread: Interrupting: Thread Group202002 1-8 sampler: HTTP Request202002
2020-03-28 14:34:46,677 INFO o.a.j.t.JMeterThread: Stopping: Thread Group202002 1-57
2020-03-28 14:34:46,677 INFO o.a.j.t.JMeterThread: Thread finished: Thread Group202002 1-198
2020-03-28 14:34:46,677 WARN o.a.j.t.JMeterThread: Interrupting: Thread Group202002 1-57 sampler: HTTP Request202002
2020-03-28 14:34:46,677 INFO o.a.j.t.JMeterThread: Stopping: Thread Group202002 1-123
2020-03-28 14:34:46,677 INFO o.a.j.t.JMeterThread: Thread finished: Thread Group202002 1-83
2020-03-28 14:34:46,677 WARN o.a.j.t.JMeterThread: Interrupting: Thread Group202002 1-123 sampler: HTTP Request202002
2020-03-28 14:34:46,677 INFO o.a.j.t.JMeterThread: Stopping: Thread Group202002 1-147
2020-03-28 14:34:46,677 WARN o.a.j.t.JMeterThread: Interrupting: Thread Group202002 1-147 sampler: HTTP Request202002
2020-03-28 14:34:46,677 INFO o.a.j.t.JMeterThread: Thread finished: Thread Group202002 1-8
2020-03-28 14:34:46,677 INFO o.a.j.t.JMeterThread: Thread finished: Thread Group202002 1-57
2020-03-28 14:34:46,677 INFO o.a.j.t.JMeterThread: Thread finished: Thread Group202002 1-175
2020-03-28 14:34:46,677 INFO o.a.j.t.JMeterThread: Stopping: Thread Group202002 1-178
2020-03-28 14:34:46,693 WARN o.a.j.t.JMeterThread: Interrupting: Thread Group202002 1-178 sampler: HTTP Request202002
2020-03-28 14:34:46,693 INFO o.a.j.t.JMeterThread: Stopping: Thread Group202002 1-75
2020-03-28 14:34:46,693 INFO o.a.j.t.JMeterThread: Thread finished: Thread Group202002 1-123
2020-03-28 14:34:46,693 INFO o.a.j.t.JMeterThread: Thread finished: Thread Group202002 1-147
2020-03-28 14:34:46,693 WARN o.a.j.t.JMeterThread: Interrupting: Thread Group202002 1-75 sampler: HTTP Request202002
2020-03-28 14:34:46,693 INFO o.a.j.t.JMeterThread: Thread finished: Thread Group202002 1-178
2020-03-28 14:34:46,693 INFO o.a.j.t.JMeterThread: Stopping: Thread Group202002 1-179
2020-03-28 14:34:46,693 WARN o.a.j.t.JMeterThread: Interrupting: Thread Group202002 1-179 sampler: HTTP Request202002
2020-03-28 14:34:46,693 INFO o.a.j.t.JMeterThread: Stopping: Thread Group202002 1-71
2020-03-28 14:34:46,693 WARN o.a.j.t.JMeterThread: Interrupting: Thread Group202002 1-71 sampler: HTTP Request202002
2020-03-28 14:34:46,693 INFO o.a.j.t.JMeterThread: Stopping: Thread Group202002 1-200
2020-03-28 14:34:46,693 WARN o.a.j.t.JMeterThread: Interrupting: Thread Group202002 1-200 sampler: HTTP Request202002
2020-03-28 14:34:46,693 INFO o.a.j.t.JMeterThread: Stopping: Thread Group202002 1-99
2020-03-28 14:34:46,693 INFO o.a.j.t.JMeterThread: Thread finished: Thread Group202002 1-179
2020-03-28 14:34:46,693 INFO o.a.j.t.JMeterThread: Thread finished: Thread Group202002 1-71
2020-03-28 14:34:46,693 INFO o.a.j.t.JMeterThread: Thread finished: Thread Group202002 1-75
2020-03-28 14:34:46,693 WARN o.a.j.t.JMeterThread: Interrupting: Thread Group202002 1-99 sampler: HTTP Request202002
2020-03-28 14:34:46,693 INFO o.a.j.t.JMeterThread: Stopping: Thread Group202002 1-138
2020-03-28 14:34:46,693 INFO o.a.j.t.JMeterThread: Thread finished: Thread Group202002 1-200
2020-03-28 14:34:46,693 WARN o.a.j.t.JMeterThread: Interrupting: Thread Group202002 1-138 sampler: HTTP Request202002
2020-03-28 14:34:46,693 INFO o.a.j.t.JMeterThread: Thread finished: Thread Group202002 1-99
2020-03-28 14:34:46,693 INFO o.a.j.t.JMeterThread: Thread finished: Thread Group202002 1-138
2020-03-28 14:34:46,693 INFO o.a.j.t.JMeterThread: Stopping: Thread Group202002 1-6
2020-03-28 14:34:46,693 WARN o.a.j.t.JMeterThread: Interrupting: Thread Group202002 1-6 sampler: HTTP Request202002
2020-03-28 14:34:46,693 INFO o.a.j.t.JMeterThread: Stopping: Thread Group202002 1-29
2020-03-28 14:34:46,693 WARN o.a.j.t.JMeterThread: Interrupting: Thread Group202002 1-29 sampler: HTTP Request202002
2020-03-28 14:34:46,693 INFO o.a.j.t.JMeterThread: Stopping: Thread Group202002 1-155
2020-03-28 14:34:46,693 WARN o.a.j.t.JMeterThread: Interrupting: Thread Group202002 1-155 sampler: HTTP Request202002
2020-03-28 14:34:46,693 INFO o.a.j.t.JMeterThread: Thread finished: Thread Group202002 1-6
2020-03-28 14:34:46,693 INFO o.a.j.t.JMeterThread: Stopping: Thread Group202002 1-93
2020-03-28 14:34:46,693 INFO o.a.j.t.JMeterThread: Thread finished: Thread Group202002 1-155
2020-03-28 14:34:46,693 INFO o.a.j.t.JMeterThread: Thread finished: Thread Group202002 1-29
2020-03-28 14:34:46,693 WARN o.a.j.t.JMeterThread: Interrupting: Thread Group202002 1-93 sampler: HTTP Request202002
2020-03-28 14:34:46,693 INFO o.a.j.t.JMeterThread: Stopping: Thread Group202002 1-169
2020-03-28 14:34:46,693 WARN o.a.j.t.JMeterThread: Interrupting: Thread Group202002 1-169 sampler: HTTP Request202002
2020-03-28 14:34:46,693 INFO o.a.j.t.JMeterThread: Thread finished: Thread Group202002 1-93
2020-03-28 14:34:46,693 INFO o.a.j.t.JMeterThread: Stopping: Thread Group202002 1-154
2020-03-28 14:34:46,693 WARN o.a.j.t.JMeterThread: Interrupting: Thread Group202002 1-154 sampler: HTTP Request202002
2020-03-28 14:34:46,693 INFO o.a.j.t.JMeterThread: Thread finished: Thread Group202002 1-169
2020-03-28 14:34:46,693 INFO o.a.j.t.JMeterThread: Stopping: Thread Group202002 1-140
2020-03-28 14:34:46,693 WARN o.a.j.t.JMeterThread: Interrupting: Thread Group202002 1-140 sampler: HTTP Request202002
2020-03-28 14:34:46,693 INFO o.a.j.t.JMeterThread: Thread finished: Thread Group202002 1-154
2020-03-28 14:34:46,693 INFO o.a.j.t.JMeterThread: Stopping: Thread Group202002 1-97
2020-03-28 14:34:46,693 WARN o.a.j.t.JMeterThread: Interrupting: Thread Group202002 1-97 sampler: HTTP Request202002
2020-03-28 14:34:46,693 INFO o.a.j.t.JMeterThread: Thread finished: Thread Group202002 1-140
2020-03-28 14:34:46,693 INFO o.a.j.t.JMeterThread: Stopping: Thread Group202002 1-81
2020-03-28 14:34:46,693 WARN o.a.j.t.JMeterThread: Interrupting: Thread Group202002 1-81 sampler: HTTP Request202002
2020-03-28 14:34:46,693 INFO o.a.j.t.JMeterThread: Stopping: Thread Group202002 1-12
2020-03-28 14:34:46,693 WARN o.a.j.t.JMeterThread: Interrupting: Thread Group202002 1-12 sampler: HTTP Request202002
2020-03-28 14:34:46,693 INFO o.a.j.t.JMeterThread: Thread finished: Thread Group202002 1-97
2020-03-28 14:34:46,693 INFO o.a.j.t.JMeterThread: Stopping: Thread Group202002 1-132
2020-03-28 14:34:46,693 WARN o.a.j.t.JMeterThread: Interrupting: Thread Group202002 1-132 sampler: HTTP Request202002
2020-03-28 14:34:46,693 INFO o.a.j.t.JMeterThread: Thread finished: Thread Group202002 1-81
2020-03-28 14:34:46,693 INFO o.a.j.t.JMeterThread: Stopping: Thread Group202002 1-151
2020-03-28 14:34:46,693 WARN o.a.j.t.JMeterThread: Interrupting: Thread Group202002 1-151 sampler: HTTP Request202002
2020-03-28 14:34:46,693 INFO o.a.j.t.JMeterThread: Thread finished: Thread Group202002 1-12
2020-03-28 14:34:46,693 INFO o.a.j.t.JMeterThread: Stopping: Thread Group202002 1-191
2020-03-28 14:34:46,693 WARN o.a.j.t.JMeterThread: Interrupting: Thread Group202002 1-191 sampler: HTTP Request202002
2020-03-28 14:34:46,693 INFO o.a.j.t.JMeterThread: Thread finished: Thread Group202002 1-132
2020-03-28 14:34:46,693 INFO o.a.j.t.JMeterThread: Stopping: Thread Group202002 1-92
2020-03-28 14:34:46,693 WARN o.a.j.t.JMeterThread: Interrupting: Thread Group202002 1-92 sampler: HTTP Request202002
2020-03-28 14:34:46,693 INFO o.a.j.t.JMeterThread: Thread finished: Thread Group202002 1-151
2020-03-28 14:34:46,693 INFO o.a.j.t.JMeterThread: Stopping: Thread Group202002 1-153
2020-03-28 14:34:46,693 WARN o.a.j.t.JMeterThread: Interrupting: Thread Group202002 1-153 sampler: HTTP Request202002
2020-03-28 14:34:46,693 INFO o.a.j.t.JMeterThread: Thread finished: Thread Group202002 1-191
2020-03-28 14:34:46,693 INFO o.a.j.t.JMeterThread: Stopping: Thread Group202002 1-37
2020-03-28 14:34:46,693 WARN o.a.j.t.JMeterThread: Interrupting: Thread Group202002 1-37 sampler: HTTP Request202002
2020-03-28 14:34:46,693 INFO o.a.j.t.JMeterThread: Stopping: Thread Group202002 1-176
2020-03-28 14:34:46,693 WARN o.a.j.t.JMeterThread: Interrupting: Thread Group202002 1-176 sampler: HTTP Request202002
2020-03-28 14:34:46,693 INFO o.a.j.t.JMeterThread: Thread finished: Thread Group202002 1-92
2020-03-28 14:34:46,693 INFO o.a.j.t.JMeterThread: Thread finished: Thread Group202002 1-153
2020-03-28 14:34:46,693 INFO o.a.j.t.JMeterThread: Stopping: Thread Group202002 1-131
2020-03-28 14:34:46,693 INFO o.a.j.t.JMeterThread: Thread finished: Thread Group202002 1-37
2020-03-28 14:34:46,693 WARN o.a.j.t.JMeterThread: Interrupting: Thread Group202002 1-131 sampler: HTTP Request202002
2020-03-28 14:34:46,693 INFO o.a.j.t.JMeterThread: Stopping: Thread Group202002 1-54
2020-03-28 14:34:46,693 INFO o.a.j.t.JMeterThread: Thread finished: Thread Group202002 1-176
2020-03-28 14:34:46,693 WARN o.a.j.t.JMeterThread: Interrupting: Thread Group202002 1-54 sampler: HTTP Request202002
2020-03-28 14:34:46,693 INFO o.a.j.t.JMeterThread: Thread finished: Thread Group202002 1-131
2020-03-28 14:34:46,693 INFO o.a.j.t.JMeterThread: Stopping: Thread Group202002 1-194
2020-03-28 14:34:46,693 INFO o.a.j.t.JMeterThread: Thread finished: Thread Group202002 1-54
2020-03-28 14:34:46,693 WARN o.a.j.t.JMeterThread: Interrupting: Thread Group202002 1-194 sampler: HTTP Request202002
2020-03-28 14:34:46,693 INFO o.a.j.t.JMeterThread: Stopping: Thread Group202002 1-197
2020-03-28 14:34:46,693 WARN o.a.j.t.JMeterThread: Interrupting: Thread Group202002 1-197 sampler: HTTP Request202002
2020-03-28 14:34:46,693 INFO o.a.j.t.JMeterThread: Stopping: Thread Group202002 1-104
2020-03-28 14:34:46,693 WARN o.a.j.t.JMeterThread: Interrupting: Thread Group202002 1-104 sampler: HTTP Request202002
2020-03-28 14:34:46,693 INFO o.a.j.t.JMeterThread: Thread finished: Thread Group202002 1-197
2020-03-28 14:34:46,693 INFO o.a.j.t.JMeterThread: Thread finished: Thread Group202002 1-194
2020-03-28 14:34:46,693 INFO o.a.j.t.JMeterThread: Stopping: Thread Group202002 1-145
2020-03-28 14:34:46,693 INFO o.a.j.t.JMeterThread: Thread finished: Thread Group202002 1-104
2020-03-28 14:34:46,693 WARN o.a.j.t.JMeterThread: Interrupting: Thread Group202002 1-145 sampler: HTTP Request202002
2020-03-28 14:34:46,709 INFO o.a.j.t.JMeterThread: Stopping: Thread Group202002 1-167
2020-03-28 14:34:46,709 WARN o.a.j.t.JMeterThread: Interrupting: Thread Group202002 1-167 sampler: HTTP Request202002
2020-03-28 14:34:46,709 INFO o.a.j.t.JMeterThread: Thread finished: Thread Group202002 1-145
2020-03-28 14:34:46,709 INFO o.a.j.t.JMeterThread: Stopping: Thread Group202002 1-105
2020-03-28 14:34:46,709 INFO o.a.j.t.JMeterThread: Thread finished: Thread Group202002 1-167
2020-03-28 14:34:46,709 WARN o.a.j.t.JMeterThread: Interrupting: Thread Group202002 1-105 sampler: HTTP Request202002
2020-03-28 14:34:46,709 INFO o.a.j.t.JMeterThread: Stopping: Thread Group202002 1-62
2020-03-28 14:34:46,709 WARN o.a.j.t.JMeterThread: Interrupting: Thread Group202002 1-62 sampler: HTTP Request202002
2020-03-28 14:34:46,709 INFO o.a.j.t.JMeterThread: Thread finished: Thread Group202002 1-105
2020-03-28 14:34:46,709 INFO o.a.j.t.JMeterThread: Stopping: Thread Group202002 1-63
2020-03-28 14:34:46,709 WARN o.a.j.t.JMeterThread: Interrupting: Thread Group202002 1-63 sampler: HTTP Request202002
2020-03-28 14:34:46,709 INFO o.a.j.t.JMeterThread: Thread finished: Thread Group202002 1-62
2020-03-28 14:34:46,709 INFO o.a.j.t.JMeterThread: Stopping: Thread Group202002 1-120
2020-03-28 14:34:46,709 WARN o.a.j.t.JMeterThread: Interrupting: Thread Group202002 1-120 sampler: HTTP Request202002
2020-03-28 14:34:46,709 INFO o.a.j.t.JMeterThread: Stopping: Thread Group202002 1-47
2020-03-28 14:34:46,709 WARN o.a.j.t.JMeterThread: Interrupting: Thread Group202002 1-47 sampler: HTTP Request202002
2020-03-28 14:34:46,709 INFO o.a.j.t.JMeterThread: Thread finished: Thread Group202002 1-63
2020-03-28 14:34:46,709 INFO o.a.j.t.JMeterThread: Stopping: Thread Group202002 1-118
2020-03-28 14:34:46,709 WARN o.a.j.t.JMeterThread: Interrupting: Thread Group202002 1-118 sampler: HTTP Request202002
2020-03-28 14:34:46,709 INFO o.a.j.t.JMeterThread: Thread finished: Thread Group202002 1-120
2020-03-28 14:34:46,709 INFO o.a.j.t.JMeterThread: Stopping: Thread Group202002 1-61
2020-03-28 14:34:46,709 INFO o.a.j.t.JMeterThread: Thread finished: Thread Group202002 1-47
2020-03-28 14:34:46,709 WARN o.a.j.t.JMeterThread: Interrupting: Thread Group202002 1-61 sampler: HTTP Request202002
2020-03-28 14:34:46,709 INFO o.a.j.t.JMeterThread: Thread finished: Thread Group202002 1-118
2020-03-28 14:34:46,709 INFO o.a.j.t.JMeterThread: Stopping: Thread Group202002 1-49
2020-03-28 14:34:46,709 WARN o.a.j.t.JMeterThread: Interrupting: Thread Group202002 1-49 sampler: HTTP Request202002
2020-03-28 14:34:46,709 INFO o.a.j.t.JMeterThread: Thread finished: Thread Group202002 1-61
2020-03-28 14:34:46,709 INFO o.a.j.t.JMeterThread: Stopping: Thread Group202002 1-79
2020-03-28 14:34:46,709 WARN o.a.j.t.JMeterThread: Interrupting: Thread Group202002 1-79 sampler: HTTP Request202002
2020-03-28 14:34:46,709 INFO o.a.j.t.JMeterThread: Stopping: Thread Group202002 1-180
2020-03-28 14:34:46,709 INFO o.a.j.t.JMeterThread: Thread finished: Thread Group202002 1-49
2020-03-28 14:34:46,709 WARN o.a.j.t.JMeterThread: Interrupting: Thread Group202002 1-180 sampler: HTTP Request202002
2020-03-28 14:34:46,709 INFO o.a.j.t.JMeterThread: Stopping: Thread Group202002 1-30
2020-03-28 14:34:46,709 INFO o.a.j.t.JMeterThread: Thread finished: Thread Group202002 1-79
2020-03-28 14:34:46,709 WARN o.a.j.t.JMeterThread: Interrupting: Thread Group202002 1-30 sampler: HTTP Request202002
2020-03-28 14:34:46,709 INFO o.a.j.t.JMeterThread: Thread finished: Thread Group202002 1-180
2020-03-28 14:34:46,709 INFO o.a.j.t.JMeterThread: Stopping: Thread Group202002 1-72
2020-03-28 14:34:46,709 WARN o.a.j.t.JMeterThread: Interrupting: Thread Group202002 1-72 sampler: HTTP Request202002
2020-03-28 14:34:46,709 INFO o.a.j.t.JMeterThread: Stopping: Thread Group202002 1-134
2020-03-28 14:34:46,709 WARN o.a.j.t.JMeterThread: Interrupting: Thread Group202002 1-134 sampler: HTTP Request202002
2020-03-28 14:34:46,709 INFO o.a.j.t.JMeterThread: Thread finished: Thread Group202002 1-30
2020-03-28 14:34:46,709 INFO o.a.j.t.JMeterThread: Stopping: Thread Group202002 1-28
2020-03-28 14:34:46,709 WARN o.a.j.t.JMeterThread: Interrupting: Thread Group202002 1-28 sampler: HTTP Request202002
2020-03-28 14:34:46,709 INFO o.a.j.t.JMeterThread: Stopping: Thread Group202002 1-182
2020-03-28 14:34:46,709 WARN o.a.j.t.JMeterThread: Interrupting: Thread Group202002 1-182 sampler: HTTP Request202002
2020-03-28 14:34:46,709 INFO o.a.j.t.JMeterThread: Thread finished: Thread Group202002 1-72
2020-03-28 14:34:46,709 INFO o.a.j.t.JMeterThread: Thread finished: Thread Group202002 1-134
2020-03-28 14:34:46,709 INFO o.a.j.t.JMeterThread: Thread finished: Thread Group202002 1-28
2020-03-28 14:34:46,709 INFO o.a.j.t.JMeterThread: Stopping: Thread Group202002 1-115
2020-03-28 14:34:46,709 INFO o.a.j.t.JMeterThread: Thread finished: Thread Group202002 1-182
2020-03-28 14:34:46,709 WARN o.a.j.t.JMeterThread: Interrupting: Thread Group202002 1-115 sampler: HTTP Request202002
2020-03-28 14:34:46,709 INFO o.a.j.t.JMeterThread: Stopping: Thread Group202002 1-26
2020-03-28 14:34:46,709 WARN o.a.j.t.JMeterThread: Interrupting: Thread Group202002 1-26 sampler: HTTP Request202002
2020-03-28 14:34:46,709 INFO o.a.j.t.JMeterThread: Thread finished: Thread Group202002 1-115
2020-03-28 14:34:46,709 INFO o.a.j.t.JMeterThread: Stopping: Thread Group202002 1-177
2020-03-28 14:34:46,709 WARN o.a.j.t.JMeterThread: Interrupting: Thread Group202002 1-177 sampler: HTTP Request202002
2020-03-28 14:34:46,709 INFO o.a.j.t.JMeterThread: Thread finished: Thread Group202002 1-26
2020-03-28 14:34:46,709 INFO o.a.j.t.JMeterThread: Stopping: Thread Group202002 1-142
2020-03-28 14:34:46,709 WARN o.a.j.t.JMeterThread: Interrupting: Thread Group202002 1-142 sampler: HTTP Request202002
2020-03-28 14:34:46,709 INFO o.a.j.t.JMeterThread: Stopping: Thread Group202002 1-73
2020-03-28 14:34:46,709 WARN o.a.j.t.JMeterThread: Interrupting: Thread Group202002 1-73 sampler: HTTP Request202002
2020-03-28 14:34:46,709 INFO o.a.j.t.JMeterThread: Thread finished: Thread Group202002 1-177
2020-03-28 14:34:46,709 INFO o.a.j.t.JMeterThread: Stopping: Thread Group202002 1-127
2020-03-28 14:34:46,709 WARN o.a.j.t.JMeterThread: Interrupting: Thread Group202002 1-127 sampler: HTTP Request202002
2020-03-28 14:34:46,709 INFO o.a.j.t.JMeterThread: Thread finished: Thread Group202002 1-142
2020-03-28 14:34:46,709 INFO o.a.j.t.JMeterThread: Stopping: Thread Group202002 1-171
2020-03-28 14:34:46,709 WARN o.a.j.t.JMeterThread: Interrupting: Thread Group202002 1-171 sampler: HTTP Request202002
2020-03-28 14:34:46,709 INFO o.a.j.t.JMeterThread: Thread finished: Thread Group202002 1-127
2020-03-28 14:34:46,709 INFO o.a.j.t.JMeterThread: Thread finished: Thread Group202002 1-73
2020-03-28 14:34:46,709 INFO o.a.j.t.JMeterThread: Stopping: Thread Group202002 1-17
2020-03-28 14:34:46,709 WARN o.a.j.t.JMeterThread: Interrupting: Thread Group202002 1-17 sampler: HTTP Request202002
2020-03-28 14:34:46,709 INFO o.a.j.t.JMeterThread: Thread finished: Thread Group202002 1-171
2020-03-28 14:34:46,709 INFO o.a.j.t.JMeterThread: Stopping: Thread Group202002 1-100
2020-03-28 14:34:46,709 WARN o.a.j.t.JMeterThread: Interrupting: Thread Group202002 1-100 sampler: HTTP Request202002
2020-03-28 14:34:46,709 INFO o.a.j.t.JMeterThread: Thread finished: Thread Group202002 1-17
2020-03-28 14:34:46,709 INFO o.a.j.t.JMeterThread: Stopping: Thread Group202002 1-146
2020-03-28 14:34:46,709 WARN o.a.j.t.JMeterThread: Interrupting: Thread Group202002 1-146 sampler: HTTP Request202002
2020-03-28 14:34:46,709 INFO o.a.j.t.JMeterThread: Thread finished: Thread Group202002 1-100
2020-03-28 14:34:46,709 INFO o.a.j.t.JMeterThread: Stopping: Thread Group202002 1-159
2020-03-28 14:34:46,709 WARN o.a.j.t.JMeterThread: Interrupting: Thread Group202002 1-159 sampler: HTTP Request202002
2020-03-28 14:34:46,709 INFO o.a.j.t.JMeterThread: Stopping: Thread Group202002 1-111
2020-03-28 14:34:46,709 INFO o.a.j.t.JMeterThread: Thread finished: Thread Group202002 1-146
2020-03-28 14:34:46,709 WARN o.a.j.t.JMeterThread: Interrupting: Thread Group202002 1-111 sampler: HTTP Request202002
2020-03-28 14:34:46,709 INFO o.a.j.t.JMeterThread: Stopping: Thread Group202002 1-36
2020-03-28 14:34:46,709 INFO o.a.j.t.JMeterThread: Thread finished: Thread Group202002 1-159
2020-03-28 14:34:46,709 WARN o.a.j.t.JMeterThread: Interrupting: Thread Group202002 1-36 sampler: HTTP Request202002
2020-03-28 14:34:46,709 INFO o.a.j.t.JMeterThread: Thread finished: Thread Group202002 1-111
2020-03-28 14:34:46,709 INFO o.a.j.t.JMeterThread: Stopping: Thread Group202002 1-189
2020-03-28 14:34:46,709 WARN o.a.j.t.JMeterThread: Interrupting: Thread Group202002 1-189 sampler: HTTP Request202002
2020-03-28 14:34:46,709 INFO o.a.j.t.JMeterThread: Stopping: Thread Group202002 1-40
2020-03-28 14:34:46,709 INFO o.a.j.t.JMeterThread: Thread finished: Thread Group202002 1-36
2020-03-28 14:34:46,709 WARN o.a.j.t.JMeterThread: Interrupting: Thread Group202002 1-40 sampler: HTTP Request202002
2020-03-28 14:34:46,709 INFO o.a.j.t.JMeterThread: Thread finished: Thread Group202002 1-189
2020-03-28 14:34:46,709 INFO o.a.j.t.JMeterThread: Stopping: Thread Group202002 1-60
2020-03-28 14:34:46,709 WARN o.a.j.t.JMeterThread: Interrupting: Thread Group202002 1-60 sampler: HTTP Request202002
2020-03-28 14:34:46,709 INFO o.a.j.t.JMeterThread: Thread finished: Thread Group202002 1-40
2020-03-28 14:34:46,709 INFO o.a.j.t.JMeterThread: Stopping: Thread Group202002 1-27
2020-03-28 14:34:46,709 WARN o.a.j.t.JMeterThread: Interrupting: Thread Group202002 1-27 sampler: HTTP Request202002
2020-03-28 14:34:46,709 INFO o.a.j.t.JMeterThread: Stopping: Thread Group202002 1-109
2020-03-28 14:34:46,709 INFO o.a.j.t.JMeterThread: Thread finished: Thread Group202002 1-60
2020-03-28 14:34:46,709 WARN o.a.j.t.JMeterThread: Interrupting: Thread Group202002 1-109 sampler: HTTP Request202002
2020-03-28 14:34:46,709 INFO o.a.j.t.JMeterThread: Stopping: Thread Group202002 1-15
2020-03-28 14:34:46,709 WARN o.a.j.t.JMeterThread: Interrupting: Thread Group202002 1-15 sampler: HTTP Request202002
2020-03-28 14:34:46,709 INFO o.a.j.t.JMeterThread: Thread finished: Thread Group202002 1-27
2020-03-28 14:34:46,709 INFO o.a.j.t.JMeterThread: Thread finished: Thread Group202002 1-109
2020-03-28 14:34:46,724 INFO o.a.j.t.JMeterThread: Stopping: Thread Group202002 1-11
2020-03-28 14:34:46,724 WARN o.a.j.t.JMeterThread: Interrupting: Thread Group202002 1-11 sampler: HTTP Request202002
2020-03-28 14:34:46,724 INFO o.a.j.t.JMeterThread: Thread finished: Thread Group202002 1-15
2020-03-28 14:34:46,724 INFO o.a.j.t.JMeterThread: Thread finished: Thread Group202002 1-11
2020-03-28 14:34:46,724 INFO o.a.j.t.JMeterThread: Stopping: Thread Group202002 1-13
2020-03-28 14:34:46,724 WARN o.a.j.t.JMeterThread: Interrupting: Thread Group202002 1-13 sampler: HTTP Request202002
2020-03-28 14:34:46,724 INFO o.a.j.t.JMeterThread: Stopping: Thread Group202002 1-166
2020-03-28 14:34:46,724 WARN o.a.j.t.JMeterThread: Interrupting: Thread Group202002 1-166 sampler: HTTP Request202002
2020-03-28 14:34:46,724 INFO o.a.j.t.JMeterThread: Stopping: Thread Group202002 1-183
2020-03-28 14:34:46,724 WARN o.a.j.t.JMeterThread: Interrupting: Thread Group202002 1-183 sampler: HTTP Request202002
2020-03-28 14:34:46,724 INFO o.a.j.t.JMeterThread: Stopping: Thread Group202002 1-121
2020-03-28 14:34:46,724 WARN o.a.j.t.JMeterThread: Interrupting: Thread Group202002 1-121 sampler: HTTP Request202002
2020-03-28 14:34:46,724 INFO o.a.j.t.JMeterThread: Stopping: Thread Group202002 1-113
2020-03-28 14:34:46,724 WARN o.a.j.t.JMeterThread: Interrupting: Thread Group202002 1-113 sampler: HTTP Request202002
2020-03-28 14:34:46,724 INFO o.a.j.t.JMeterThread: Thread finished: Thread Group202002 1-13
2020-03-28 14:34:46,724 INFO o.a.j.t.JMeterThread: Thread finished: Thread Group202002 1-183
2020-03-28 14:34:46,724 INFO o.a.j.t.JMeterThread: Thread finished: Thread Group202002 1-166
2020-03-28 14:34:46,724 INFO o.a.j.t.JMeterThread: Thread finished: Thread Group202002 1-121
2020-03-28 14:34:46,724 INFO o.a.j.t.JMeterThread: Stopping: Thread Group202002 1-181
2020-03-28 14:34:46,724 INFO o.a.j.t.JMeterThread: Thread finished: Thread Group202002 1-113
2020-03-28 14:34:46,724 WARN o.a.j.t.JMeterThread: Interrupting: Thread Group202002 1-181 sampler: HTTP Request202002
2020-03-28 14:34:46,724 INFO o.a.j.t.JMeterThread: Stopping: Thread Group202002 1-48
2020-03-28 14:34:46,724 WARN o.a.j.t.JMeterThread: Interrupting: Thread Group202002 1-48 sampler: HTTP Request202002
2020-03-28 14:34:46,724 INFO o.a.j.t.JMeterThread: Stopping: Thread Group202002 1-14
2020-03-28 14:34:46,724 INFO o.a.j.t.JMeterThread: Thread finished: Thread Group202002 1-181
2020-03-28 14:34:46,724 WARN o.a.j.t.JMeterThread: Interrupting: Thread Group202002 1-14 sampler: HTTP Request202002
2020-03-28 14:34:46,724 INFO o.a.j.t.JMeterThread: Stopping: Thread Group202002 1-68
2020-03-28 14:34:46,724 INFO o.a.j.t.JMeterThread: Thread finished: Thread Group202002 1-48
2020-03-28 14:34:46,724 WARN o.a.j.t.JMeterThread: Interrupting: Thread Group202002 1-68 sampler: HTTP Request202002
2020-03-28 14:34:46,724 INFO o.a.j.t.JMeterThread: Stopping: Thread Group202002 1-19
2020-03-28 14:34:46,724 INFO o.a.j.t.JMeterThread: Thread finished: Thread Group202002 1-14
2020-03-28 14:34:46,724 WARN o.a.j.t.JMeterThread: Interrupting: Thread Group202002 1-19 sampler: HTTP Request202002
2020-03-28 14:34:46,724 INFO o.a.j.t.JMeterThread: Thread finished: Thread Group202002 1-68
2020-03-28 14:34:46,724 INFO o.a.j.t.JMeterThread: Stopping: Thread Group202002 1-186
2020-03-28 14:34:46,724 WARN o.a.j.t.JMeterThread: Interrupting: Thread Group202002 1-186 sampler: HTTP Request202002
2020-03-28 14:34:46,724 INFO o.a.j.t.JMeterThread: Thread finished: Thread Group202002 1-19
2020-03-28 14:34:46,724 INFO o.a.j.t.JMeterThread: Thread finished: Thread Group202002 1-186
2020-03-28 14:34:46,724 INFO o.a.j.t.JMeterThread: Stopping: Thread Group202002 1-152
2020-03-28 14:34:46,724 WARN o.a.j.t.JMeterThread: Interrupting: Thread Group202002 1-152 sampler: HTTP Request202002
2020-03-28 14:34:46,724 INFO o.a.j.t.JMeterThread: Stopping: Thread Group202002 1-44
2020-03-28 14:34:46,724 WARN o.a.j.t.JMeterThread: Interrupting: Thread Group202002 1-44 sampler: HTTP Request202002
2020-03-28 14:34:46,724 INFO o.a.j.t.JMeterThread: Thread finished: Thread Group202002 1-152
2020-03-28 14:34:46,724 INFO o.a.j.t.JMeterThread: Stopping: Thread Group202002 1-129
2020-03-28 14:34:46,724 INFO o.a.j.t.JMeterThread: Thread finished: Thread Group202002 1-44
2020-03-28 14:34:46,724 WARN o.a.j.t.JMeterThread: Interrupting: Thread Group202002 1-129 sampler: HTTP Request202002
2020-03-28 14:34:46,724 INFO o.a.j.t.JMeterThread: Stopping: Thread Group202002 1-143
2020-03-28 14:34:46,724 WARN o.a.j.t.JMeterThread: Interrupting: Thread Group202002 1-143 sampler: HTTP Request202002
2020-03-28 14:34:46,724 INFO o.a.j.t.JMeterThread: Stopping: Thread Group202002 1-110
2020-03-28 14:34:46,724 WARN o.a.j.t.JMeterThread: Interrupting: Thread Group202002 1-110 sampler: HTTP Request202002
2020-03-28 14:34:46,724 INFO o.a.j.t.JMeterThread: Thread finished: Thread Group202002 1-129
2020-03-28 14:34:46,724 INFO o.a.j.t.JMeterThread: Stopping: Thread Group202002 1-3
2020-03-28 14:34:46,724 WARN o.a.j.t.JMeterThread: Interrupting: Thread Group202002 1-3 sampler: HTTP Request202002
2020-03-28 14:34:46,724 INFO o.a.j.t.JMeterThread: Thread finished: Thread Group202002 1-143
2020-03-28 14:34:46,724 INFO o.a.j.t.JMeterThread: Thread finished: Thread Group202002 1-110
2020-03-28 14:34:46,724 INFO o.a.j.t.JMeterThread: Stopping: Thread Group202002 1-86
2020-03-28 14:34:46,724 WARN o.a.j.t.JMeterThread: Interrupting: Thread Group202002 1-86 sampler: HTTP Request202002
2020-03-28 14:34:46,724 INFO o.a.j.t.JMeterThread: Thread finished: Thread Group202002 1-3
2020-03-28 14:34:46,724 INFO o.a.j.t.JMeterThread: Stopping: Thread Group202002 1-5
2020-03-28 14:34:46,724 WARN o.a.j.t.JMeterThread: Interrupting: Thread Group202002 1-5 sampler: HTTP Request202002
2020-03-28 14:34:46,724 INFO o.a.j.t.JMeterThread: Thread finished: Thread Group202002 1-86
2020-03-28 14:34:46,724 INFO o.a.j.t.JMeterThread: Stopping: Thread Group202002 1-187
2020-03-28 14:34:46,724 WARN o.a.j.t.JMeterThread: Interrupting: Thread Group202002 1-187 sampler: HTTP Request202002
2020-03-28 14:34:46,724 INFO o.a.j.t.JMeterThread: Thread finished: Thread Group202002 1-5
2020-03-28 14:34:46,724 INFO o.a.j.t.JMeterThread: Thread finished: Thread Group202002 1-187
2020-03-28 14:34:46,724 INFO o.a.j.t.JMeterThread: Stopping: Thread Group202002 1-53
2020-03-28 14:34:46,724 WARN o.a.j.t.JMeterThread: Interrupting: Thread Group202002 1-53 sampler: HTTP Request202002
2020-03-28 14:34:46,724 INFO o.a.j.t.JMeterThread: Stopping: Thread Group202002 1-144
2020-03-28 14:34:46,724 WARN o.a.j.t.JMeterThread: Interrupting: Thread Group202002 1-144 sampler: HTTP Request202002
2020-03-28 14:34:46,724 INFO o.a.j.t.JMeterThread: Stopping: Thread Group202002 1-18
2020-03-28 14:34:46,724 WARN o.a.j.t.JMeterThread: Interrupting: Thread Group202002 1-18 sampler: HTTP Request202002
2020-03-28 14:34:46,724 INFO o.a.j.t.JMeterThread: Stopping: Thread Group202002 1-195
2020-03-28 14:34:46,724 WARN o.a.j.t.JMeterThread: Interrupting: Thread Group202002 1-195 sampler: HTTP Request202002
2020-03-28 14:34:46,724 INFO o.a.j.t.JMeterThread: Stopping: Thread Group202002 1-66
2020-03-28 14:34:46,724 INFO o.a.j.t.JMeterThread: Thread finished: Thread Group202002 1-144
2020-03-28 14:34:46,724 INFO o.a.j.t.JMeterThread: Thread finished: Thread Group202002 1-195
2020-03-28 14:34:46,724 INFO o.a.j.t.JMeterThread: Thread finished: Thread Group202002 1-53
2020-03-28 14:34:46,724 INFO o.a.j.t.JMeterThread: Thread finished: Thread Group202002 1-18
2020-03-28 14:34:46,724 WARN o.a.j.t.JMeterThread: Interrupting: Thread Group202002 1-66 sampler: HTTP Request202002
2020-03-28 14:34:46,724 INFO o.a.j.t.JMeterThread: Stopping: Thread Group202002 1-135
2020-03-28 14:34:46,724 WARN o.a.j.t.JMeterThread: Interrupting: Thread Group202002 1-135 sampler: HTTP Request202002
2020-03-28 14:34:46,724 INFO o.a.j.t.JMeterThread: Stopping: Thread Group202002 1-50
2020-03-28 14:34:46,724 WARN o.a.j.t.JMeterThread: Interrupting: Thread Group202002 1-50 sampler: HTTP Request202002
2020-03-28 14:34:46,724 INFO o.a.j.t.JMeterThread: Thread finished: Thread Group202002 1-66
2020-03-28 14:34:46,724 INFO o.a.j.t.JMeterThread: Stopping: Thread Group202002 1-192
2020-03-28 14:34:46,724 WARN o.a.j.t.JMeterThread: Interrupting: Thread Group202002 1-192 sampler: HTTP Request202002
2020-03-28 14:34:46,724 INFO o.a.j.t.JMeterThread: Thread finished: Thread Group202002 1-135
2020-03-28 14:34:46,724 INFO o.a.j.t.JMeterThread: Stopping: Thread Group202002 1-112
2020-03-28 14:34:46,724 WARN o.a.j.t.JMeterThread: Interrupting: Thread Group202002 1-112 sampler: HTTP Request202002
2020-03-28 14:34:46,724 INFO o.a.j.t.JMeterThread: Thread finished: Thread Group202002 1-192
2020-03-28 14:34:46,724 INFO o.a.j.t.JMeterThread: Stopping: Thread Group202002 1-78
2020-03-28 14:34:46,724 WARN o.a.j.t.JMeterThread: Interrupting: Thread Group202002 1-78 sampler: HTTP Request202002
2020-03-28 14:34:46,724 INFO o.a.j.t.JMeterThread: Thread finished: Thread Group202002 1-112
2020-03-28 14:34:46,724 INFO o.a.j.t.JMeterThread: Stopping: Thread Group202002 1-108
2020-03-28 14:34:46,724 WARN o.a.j.t.JMeterThread: Interrupting: Thread Group202002 1-108 sampler: HTTP Request202002
2020-03-28 14:34:46,724 INFO o.a.j.t.JMeterThread: Stopping: Thread Group202002 1-165
2020-03-28 14:34:46,724 WARN o.a.j.t.JMeterThread: Interrupting: Thread Group202002 1-165 sampler: HTTP Request202002
2020-03-28 14:34:46,724 INFO o.a.j.t.JMeterThread: Stopping: Thread Group202002 1-35
2020-03-28 14:34:46,724 WARN o.a.j.t.JMeterThread: Interrupting: Thread Group202002 1-35 sampler: HTTP Request202002
2020-03-28 14:34:46,724 INFO o.a.j.t.JMeterThread: Thread finished: Thread Group202002 1-50
2020-03-28 14:34:46,724 INFO o.a.j.t.JMeterThread: Thread finished: Thread Group202002 1-108
2020-03-28 14:34:46,724 INFO o.a.j.t.JMeterThread: Stopping: Thread Group202002 1-149
2020-03-28 14:34:46,724 INFO o.a.j.t.JMeterThread: Thread finished: Thread Group202002 1-35
2020-03-28 14:34:46,724 WARN o.a.j.t.JMeterThread: Interrupting: Thread Group202002 1-149 sampler: HTTP Request202002
2020-03-28 14:34:46,724 INFO o.a.j.t.JMeterThread: Stopping: Thread Group202002 1-116
2020-03-28 14:34:46,724 WARN o.a.j.t.JMeterThread: Interrupting: Thread Group202002 1-116 sampler: HTTP Request202002
2020-03-28 14:34:46,724 INFO o.a.j.t.JMeterThread: Stopping: Thread Group202002 1-139
2020-03-28 14:34:46,724 WARN o.a.j.t.JMeterThread: Interrupting: Thread Group202002 1-139 sampler: HTTP Request202002
2020-03-28 14:34:46,724 INFO o.a.j.t.JMeterThread: Thread finished: Thread Group202002 1-165
2020-03-28 14:34:46,724 INFO o.a.j.t.JMeterThread: Stopping: Thread Group202002 1-32
2020-03-28 14:34:46,724 WARN o.a.j.t.JMeterThread: Interrupting: Thread Group202002 1-32 sampler: HTTP Request202002
2020-03-28 14:34:46,724 INFO o.a.j.t.JMeterThread: Thread finished: Thread Group202002 1-139
2020-03-28 14:34:46,724 INFO o.a.j.t.JMeterThread: Stopping: Thread Group202002 1-193
2020-03-28 14:34:46,724 WARN o.a.j.t.JMeterThread: Interrupting: Thread Group202002 1-193 sampler: HTTP Request202002
2020-03-28 14:34:46,724 INFO o.a.j.t.JMeterThread: Stopping: Thread Group202002 1-163
2020-03-28 14:34:46,724 WARN o.a.j.t.JMeterThread: Interrupting: Thread Group202002 1-163 sampler: HTTP Request202002
2020-03-28 14:34:46,724 INFO o.a.j.t.JMeterThread: Stopping: Thread Group202002 1-162
2020-03-28 14:34:46,724 WARN o.a.j.t.JMeterThread: Interrupting: Thread Group202002 1-162 sampler: HTTP Request202002
2020-03-28 14:34:46,724 INFO o.a.j.t.JMeterThread: Stopping: Thread Group202002 1-33
2020-03-28 14:34:46,724 WARN o.a.j.t.JMeterThread: Interrupting: Thread Group202002 1-33 sampler: HTTP Request202002
2020-03-28 14:34:46,724 INFO o.a.j.t.JMeterThread: Thread finished: Thread Group202002 1-163
2020-03-28 14:34:46,724 INFO o.a.j.t.JMeterThread: Stopping: Thread Group202002 1-31
2020-03-28 14:34:46,724 WARN o.a.j.t.JMeterThread: Interrupting: Thread Group202002 1-31 sampler: HTTP Request202002
2020-03-28 14:34:46,724 INFO o.a.j.t.JMeterThread: Stopping: Thread Group202002 1-20
2020-03-28 14:34:46,724 WARN o.a.j.t.JMeterThread: Interrupting: Thread Group202002 1-20 sampler: HTTP Request202002
2020-03-28 14:34:46,724 INFO o.a.j.t.JMeterThread: Thread finished: Thread Group202002 1-31
2020-03-28 14:34:46,724 INFO o.a.j.t.JMeterThread: Thread finished: Thread Group202002 1-20
2020-03-28 14:34:46,724 INFO o.a.j.t.JMeterThread: Stopping: Thread Group202002 1-114
2020-03-28 14:34:46,724 WARN o.a.j.t.JMeterThread: Interrupting: Thread Group202002 1-114 sampler: HTTP Request202002
2020-03-28 14:34:46,724 INFO o.a.j.t.JMeterThread: Thread finished: Thread Group202002 1-78
2020-03-28 14:34:46,740 INFO o.a.j.t.JMeterThread: Thread finished: Thread Group202002 1-33
2020-03-28 14:34:46,740 INFO o.a.j.t.JMeterThread: Thread finished: Thread Group202002 1-162
2020-03-28 14:34:46,740 INFO o.a.j.t.JMeterThread: Thread finished: Thread Group202002 1-193
2020-03-28 14:34:46,724 INFO o.a.j.t.JMeterThread: Thread finished: Thread Group202002 1-149
2020-03-28 14:34:46,724 INFO o.a.j.t.JMeterThread: Thread finished: Thread Group202002 1-32
2020-03-28 14:34:46,724 INFO o.a.j.t.JMeterThread: Thread finished: Thread Group202002 1-116
2020-03-28 14:34:46,740 INFO o.a.j.t.JMeterThread: Stopping: Thread Group202002 1-161
2020-03-28 14:34:46,740 WARN o.a.j.t.JMeterThread: Interrupting: Thread Group202002 1-161 sampler: HTTP Request202002
2020-03-28 14:34:46,740 INFO o.a.j.t.JMeterThread: Thread finished: Thread Group202002 1-114
2020-03-28 14:34:46,740 INFO o.a.j.t.JMeterThread: Stopping: Thread Group202002 1-89
2020-03-28 14:34:46,740 WARN o.a.j.t.JMeterThread: Interrupting: Thread Group202002 1-89 sampler: HTTP Request202002
2020-03-28 14:34:46,740 INFO o.a.j.t.JMeterThread: Stopping: Thread Group202002 1-59
2020-03-28 14:34:46,740 WARN o.a.j.t.JMeterThread: Interrupting: Thread Group202002 1-59 sampler: HTTP Request202002
2020-03-28 14:34:46,740 INFO o.a.j.t.JMeterThread: Thread finished: Thread Group202002 1-161
2020-03-28 14:34:46,740 INFO o.a.j.t.JMeterThread: Stopping: Thread Group202002 1-98
2020-03-28 14:34:46,740 WARN o.a.j.t.JMeterThread: Interrupting: Thread Group202002 1-98 sampler: HTTP Request202002
2020-03-28 14:34:46,740 INFO o.a.j.t.JMeterThread: Thread finished: Thread Group202002 1-89
2020-03-28 14:34:46,740 INFO o.a.j.t.JMeterThread: Stopping: Thread Group202002 1-7
2020-03-28 14:34:46,740 INFO o.a.j.t.JMeterThread: Thread finished: Thread Group202002 1-59
2020-03-28 14:34:46,740 WARN o.a.j.t.JMeterThread: Interrupting: Thread Group202002 1-7 sampler: HTTP Request202002
2020-03-28 14:34:46,740 INFO o.a.j.t.JMeterThread: Thread finished: Thread Group202002 1-98
2020-03-28 14:34:46,740 INFO o.a.j.t.JMeterThread: Stopping: Thread Group202002 1-126
2020-03-28 14:34:46,740 WARN o.a.j.t.JMeterThread: Interrupting: Thread Group202002 1-126 sampler: HTTP Request202002
2020-03-28 14:34:46,740 INFO o.a.j.t.JMeterThread: Stopping: Thread Group202002 1-88
2020-03-28 14:34:46,740 INFO o.a.j.t.JMeterThread: Thread finished: Thread Group202002 1-7
2020-03-28 14:34:46,740 WARN o.a.j.t.JMeterThread: Interrupting: Thread Group202002 1-88 sampler: HTTP Request202002
2020-03-28 14:34:46,740 INFO o.a.j.t.JMeterThread: Stopping: Thread Group202002 1-125
2020-03-28 14:34:46,740 WARN o.a.j.t.JMeterThread: Interrupting: Thread Group202002 1-125 sampler: HTTP Request202002
2020-03-28 14:34:46,740 INFO o.a.j.t.JMeterThread: Thread finished: Thread Group202002 1-126
2020-03-28 14:34:46,740 INFO o.a.j.t.JMeterThread: Thread finished: Thread Group202002 1-88
2020-03-28 14:34:46,740 INFO o.a.j.t.JMeterThread: Stopping: Thread Group202002 1-74
2020-03-28 14:34:46,740 INFO o.a.j.t.JMeterThread: Thread finished: Thread Group202002 1-125
2020-03-28 14:34:46,740 WARN o.a.j.t.JMeterThread: Interrupting: Thread Group202002 1-74 sampler: HTTP Request202002
2020-03-28 14:34:46,740 INFO o.a.j.t.JMeterThread: Stopping: Thread Group202002 1-2
2020-03-28 14:34:46,740 WARN o.a.j.t.JMeterThread: Interrupting: Thread Group202002 1-2 sampler: HTTP Request202002
2020-03-28 14:34:46,740 INFO o.a.j.t.JMeterThread: Thread finished: Thread Group202002 1-74
2020-03-28 14:34:46,740 INFO o.a.j.t.JMeterThread: Thread finished: Thread Group202002 1-2
2020-03-28 14:34:46,740 INFO o.a.j.t.JMeterThread: Stopping: Thread Group202002 1-34
2020-03-28 14:34:46,740 WARN o.a.j.t.JMeterThread: Interrupting: Thread Group202002 1-34 sampler: HTTP Request202002
2020-03-28 14:34:46,740 INFO o.a.j.t.JMeterThread: Thread finished: Thread Group202002 1-34
2020-03-28 14:34:46,740 INFO o.a.j.t.JMeterThread: Stopping: Thread Group202002 1-158
2020-03-28 14:34:46,740 WARN o.a.j.t.JMeterThread: Interrupting: Thread Group202002 1-158 sampler: HTTP Request202002
2020-03-28 14:34:46,740 INFO o.a.j.t.JMeterThread: Stopping: Thread Group202002 1-87
2020-03-28 14:34:46,740 WARN o.a.j.t.JMeterThread: Interrupting: Thread Group202002 1-87 sampler: HTTP Request202002
2020-03-28 14:34:46,740 INFO o.a.j.t.JMeterThread: Stopping: Thread Group202002 1-39
2020-03-28 14:34:46,740 WARN o.a.j.t.JMeterThread: Interrupting: Thread Group202002 1-39 sampler: HTTP Request202002
2020-03-28 14:34:46,740 INFO o.a.j.t.JMeterThread: Stopping: Thread Group202002 1-128
2020-03-28 14:34:46,740 WARN o.a.j.t.JMeterThread: Interrupting: Thread Group202002 1-128 sampler: HTTP Request202002
2020-03-28 14:34:46,740 INFO o.a.j.t.JMeterThread: Thread finished: Thread Group202002 1-158
2020-03-28 14:34:46,740 INFO o.a.j.t.JMeterThread: Thread finished: Thread Group202002 1-87
2020-03-28 14:34:46,740 INFO o.a.j.t.JMeterThread: Thread finished: Thread Group202002 1-39
2020-03-28 14:34:46,740 INFO o.a.j.t.JMeterThread: Stopping: Thread Group202002 1-41
2020-03-28 14:34:46,740 WARN o.a.j.t.JMeterThread: Interrupting: Thread Group202002 1-41 sampler: HTTP Request202002
2020-03-28 14:34:46,740 INFO o.a.j.t.JMeterThread: Thread finished: Thread Group202002 1-128
2020-03-28 14:34:46,740 INFO o.a.j.t.JMeterThread: Stopping: Thread Group202002 1-56
2020-03-28 14:34:46,740 INFO o.a.j.t.JMeterThread: Thread finished: Thread Group202002 1-41
2020-03-28 14:34:46,740 WARN o.a.j.t.JMeterThread: Interrupting: Thread Group202002 1-56 sampler: HTTP Request202002
2020-03-28 14:34:46,740 INFO o.a.j.t.JMeterThread: Stopping: Thread Group202002 1-55
2020-03-28 14:34:46,740 WARN o.a.j.t.JMeterThread: Interrupting: Thread Group202002 1-55 sampler: HTTP Request202002
2020-03-28 14:34:46,740 INFO o.a.j.t.JMeterThread: Stopping: Thread Group202002 1-64
2020-03-28 14:34:46,740 WARN o.a.j.t.JMeterThread: Interrupting: Thread Group202002 1-64 sampler: HTTP Request202002
2020-03-28 14:34:46,740 INFO o.a.j.t.JMeterThread: Thread finished: Thread Group202002 1-56
2020-03-28 14:34:46,740 INFO o.a.j.t.JMeterThread: Thread finished: Thread Group202002 1-55
2020-03-28 14:34:46,740 INFO o.a.j.t.JMeterThread: Thread finished: Thread Group202002 1-64
2020-03-28 14:34:46,740 INFO o.a.j.t.JMeterThread: Stopping: Thread Group202002 1-168
2020-03-28 14:34:46,740 WARN o.a.j.t.JMeterThread: Interrupting: Thread Group202002 1-168 sampler: HTTP Request202002
2020-03-28 14:34:46,740 INFO o.a.j.t.JMeterThread: Stopping: Thread Group202002 1-84
2020-03-28 14:34:46,740 WARN o.a.j.t.JMeterThread: Interrupting: Thread Group202002 1-84 sampler: HTTP Request202002
2020-03-28 14:34:46,749 INFO o.a.j.t.JMeterThread: Thread finished: Thread Group202002 1-168
2020-03-28 14:34:46,749 INFO o.a.j.t.JMeterThread: Stopping: Thread Group202002 1-67
2020-03-28 14:34:46,749 WARN o.a.j.t.JMeterThread: Interrupting: Thread Group202002 1-67 sampler: HTTP Request202002
2020-03-28 14:34:46,749 INFO o.a.j.t.JMeterThread: Thread finished: Thread Group202002 1-84
2020-03-28 14:34:46,749 INFO o.a.j.t.JMeterThread: Stopping: Thread Group202002 1-38
2020-03-28 14:34:46,749 WARN o.a.j.t.JMeterThread: Interrupting: Thread Group202002 1-38 sampler: HTTP Request202002
2020-03-28 14:34:46,749 INFO o.a.j.t.JMeterThread: Stopping: Thread Group202002 1-150
2020-03-28 14:34:46,749 INFO o.a.j.t.JMeterThread: Thread finished: Thread Group202002 1-67
2020-03-28 14:34:46,749 WARN o.a.j.t.JMeterThread: Interrupting: Thread Group202002 1-150 sampler: HTTP Request202002
2020-03-28 14:34:46,749 INFO o.a.j.t.JMeterThread: Stopping: Thread Group202002 1-136
2020-03-28 14:34:46,749 WARN o.a.j.t.JMeterThread: Interrupting: Thread Group202002 1-136 sampler: HTTP Request202002
2020-03-28 14:34:46,749 INFO o.a.j.t.JMeterThread: Thread finished: Thread Group202002 1-38
2020-03-28 14:34:46,750 INFO o.a.j.t.JMeterThread: Stopping: Thread Group202002 1-85
2020-03-28 14:34:46,750 WARN o.a.j.t.JMeterThread: Interrupting: Thread Group202002 1-85 sampler: HTTP Request202002
2020-03-28 14:34:46,750 INFO o.a.j.t.JMeterThread: Thread finished: Thread Group202002 1-150
2020-03-28 14:34:46,750 INFO o.a.j.t.JMeterThread: Stopping: Thread Group202002 1-188
2020-03-28 14:34:46,750 INFO o.a.j.t.JMeterThread: Thread finished: Thread Group202002 1-136
2020-03-28 14:34:46,750 WARN o.a.j.t.JMeterThread: Interrupting: Thread Group202002 1-188 sampler: HTTP Request202002
2020-03-28 14:34:46,750 INFO o.a.j.t.JMeterThread: Stopping: Thread Group202002 1-101
2020-03-28 14:34:46,750 WARN o.a.j.t.JMeterThread: Interrupting: Thread Group202002 1-101 sampler: HTTP Request202002
2020-03-28 14:34:46,750 INFO o.a.j.t.JMeterThread: Thread finished: Thread Group202002 1-85
2020-03-28 14:34:46,750 INFO o.a.j.t.JMeterThread: Stopping: Thread Group202002 1-107
2020-03-28 14:34:46,750 INFO o.a.j.t.JMeterThread: Thread finished: Thread Group202002 1-188
2020-03-28 14:34:46,750 WARN o.a.j.t.JMeterThread: Interrupting: Thread Group202002 1-107 sampler: HTTP Request202002
2020-03-28 14:34:46,750 INFO o.a.j.t.JMeterThread: Thread finished: Thread Group202002 1-101
2020-03-28 14:34:46,750 INFO o.a.j.t.JMeterThread: Stopping: Thread Group202002 1-141
2020-03-28 14:34:46,750 WARN o.a.j.t.JMeterThread: Interrupting: Thread Group202002 1-141 sampler: HTTP Request202002
2020-03-28 14:34:46,751 INFO o.a.j.t.JMeterThread: Stopping: Thread Group202002 1-130
2020-03-28 14:34:46,751 WARN o.a.j.t.JMeterThread: Interrupting: Thread Group202002 1-130 sampler: HTTP Request202002
2020-03-28 14:34:46,751 INFO o.a.j.t.JMeterThread: Thread finished: Thread Group202002 1-107
2020-03-28 14:34:46,751 INFO o.a.j.t.JMeterThread: Stopping: Thread Group202002 1-184
2020-03-28 14:34:46,751 INFO o.a.j.t.JMeterThread: Thread finished: Thread Group202002 1-141
2020-03-28 14:34:46,751 WARN o.a.j.t.JMeterThread: Interrupting: Thread Group202002 1-184 sampler: HTTP Request202002
2020-03-28 14:34:46,751 INFO o.a.j.t.JMeterThread: Thread finished: Thread Group202002 1-130
2020-03-28 14:34:46,751 INFO o.a.j.t.JMeterThread: Stopping: Thread Group202002 1-4
2020-03-28 14:34:46,751 WARN o.a.j.t.JMeterThread: Interrupting: Thread Group202002 1-4 sampler: HTTP Request202002
2020-03-28 14:34:46,751 INFO o.a.j.t.JMeterThread: Thread finished: Thread Group202002 1-184
2020-03-28 14:34:46,752 INFO o.a.j.t.JMeterThread: Stopping: Thread Group202002 1-46
2020-03-28 14:34:46,752 WARN o.a.j.t.JMeterThread: Interrupting: Thread Group202002 1-46 sampler: HTTP Request202002
2020-03-28 14:34:46,752 INFO o.a.j.t.JMeterThread: Thread finished: Thread Group202002 1-4
2020-03-28 14:34:46,752 INFO o.a.j.t.JMeterThread: Stopping: Thread Group202002 1-156
2020-03-28 14:34:46,753 INFO o.a.j.t.JMeterThread: Thread finished: Thread Group202002 1-46
2020-03-28 14:34:46,753 WARN o.a.j.t.JMeterThread: Interrupting: Thread Group202002 1-156 sampler: HTTP Request202002
2020-03-28 14:34:46,762 INFO o.a.j.t.JMeterThread: Thread finished: Thread Group202002 1-156
2020-03-28 14:34:46,761 INFO o.a.j.t.JMeterThread: Stopping: Thread Group202002 1-174
2020-03-28 14:34:46,763 WARN o.a.j.t.JMeterThread: Interrupting: Thread Group202002 1-174 sampler: HTTP Request202002
2020-03-28 14:34:46,764 INFO o.a.j.t.JMeterThread: Stopping: Thread Group202002 1-22
2020-03-28 14:34:46,764 WARN o.a.j.t.JMeterThread: Interrupting: Thread Group202002 1-22 sampler: HTTP Request202002
2020-03-28 14:34:46,764 INFO o.a.j.t.JMeterThread: Stopping: Thread Group202002 1-42
2020-03-28 14:34:46,764 WARN o.a.j.t.JMeterThread: Interrupting: Thread Group202002 1-42 sampler: HTTP Request202002
2020-03-28 14:34:46,764 INFO o.a.j.t.JMeterThread: Thread finished: Thread Group202002 1-174
2020-03-28 14:34:46,764 INFO o.a.j.t.JMeterThread: Stopping: Thread Group202002 1-24
2020-03-28 14:34:46,764 INFO o.a.j.t.JMeterThread: Thread finished: Thread Group202002 1-22
2020-03-28 14:34:46,765 WARN o.a.j.t.JMeterThread: Interrupting: Thread Group202002 1-24 sampler: HTTP Request202002
2020-03-28 14:34:46,765 INFO o.a.j.t.JMeterThread: Thread finished: Thread Group202002 1-42
2020-03-28 14:34:46,765 INFO o.a.j.t.JMeterThread: Stopping: Thread Group202002 1-76
2020-03-28 14:34:46,765 WARN o.a.j.t.JMeterThread: Interrupting: Thread Group202002 1-76 sampler: HTTP Request202002
2020-03-28 14:34:46,765 INFO o.a.j.t.JMeterThread: Stopping: Thread Group202002 1-133
2020-03-28 14:34:46,765 WARN o.a.j.t.JMeterThread: Interrupting: Thread Group202002 1-133 sampler: HTTP Request202002
2020-03-28 14:34:46,765 INFO o.a.j.t.JMeterThread: Stopping: Thread Group202002 1-52
2020-03-28 14:34:46,765 WARN o.a.j.t.JMeterThread: Interrupting: Thread Group202002 1-52 sampler: HTTP Request202002
2020-03-28 14:34:46,765 INFO o.a.j.t.JMeterThread: Thread finished: Thread Group202002 1-24
2020-03-28 14:34:46,765 INFO o.a.j.t.JMeterThread: Stopping: Thread Group202002 1-10
2020-03-28 14:34:46,765 INFO o.a.j.t.JMeterThread: Thread finished: Thread Group202002 1-133
2020-03-28 14:34:46,765 WARN o.a.j.t.JMeterThread: Interrupting: Thread Group202002 1-10 sampler: HTTP Request202002
2020-03-28 14:34:46,766 INFO o.a.j.t.JMeterThread: Thread finished: Thread Group202002 1-76
2020-03-28 14:34:46,766 INFO o.a.j.t.JMeterThread: Stopping: Thread Group202002 1-58
2020-03-28 14:34:46,766 WARN o.a.j.t.JMeterThread: Interrupting: Thread Group202002 1-58 sampler: HTTP Request202002
2020-03-28 14:34:46,766 INFO o.a.j.t.JMeterThread: Thread finished: Thread Group202002 1-10
2020-03-28 14:34:46,766 INFO o.a.j.t.JMeterThread: Thread finished: Thread Group202002 1-52
2020-03-28 14:34:46,766 INFO o.a.j.t.JMeterThread: Stopping: Thread Group202002 1-70
2020-03-28 14:34:46,766 WARN o.a.j.t.JMeterThread: Interrupting: Thread Group202002 1-70 sampler: HTTP Request202002
2020-03-28 14:34:46,766 INFO o.a.j.t.JMeterThread: Thread finished: Thread Group202002 1-58
2020-03-28 14:34:46,766 INFO o.a.j.t.JMeterThread: Stopping: Thread Group202002 1-9
2020-03-28 14:34:46,766 WARN o.a.j.t.JMeterThread: Interrupting: Thread Group202002 1-9 sampler: HTTP Request202002
2020-03-28 14:34:46,766 INFO o.a.j.t.JMeterThread: Thread finished: Thread Group202002 1-70
2020-03-28 14:34:46,767 INFO o.a.j.t.JMeterThread: Thread finished: Thread Group202002 1-9
2020-03-28 14:34:46,767 INFO o.a.j.t.JMeterThread: Stopping: Thread Group202002 1-43
2020-03-28 14:34:46,767 WARN o.a.j.t.JMeterThread: Interrupting: Thread Group202002 1-43 sampler: HTTP Request202002
2020-03-28 14:34:46,767 INFO o.a.j.t.JMeterThread: Stopping: Thread Group202002 1-82
2020-03-28 14:34:46,767 WARN o.a.j.t.JMeterThread: Interrupting: Thread Group202002 1-82 sampler: HTTP Request202002
2020-03-28 14:34:46,767 INFO o.a.j.t.JMeterThread: Stopping: Thread Group202002 1-196
2020-03-28 14:34:46,767 WARN o.a.j.t.JMeterThread: Interrupting: Thread Group202002 1-196 sampler: HTTP Request202002
2020-03-28 14:34:46,767 INFO o.a.j.t.JMeterThread: Thread finished: Thread Group202002 1-43
2020-03-28 14:34:46,768 INFO o.a.j.t.JMeterThread: Thread finished: Thread Group202002 1-82
2020-03-28 14:34:46,768 INFO o.a.j.t.JMeterThread: Stopping: Thread Group202002 1-21
2020-03-28 14:34:46,768 WARN o.a.j.t.JMeterThread: Interrupting: Thread Group202002 1-21 sampler: HTTP Request202002
2020-03-28 14:34:46,768 INFO o.a.j.t.JMeterThread: Stopping: Thread Group202002 1-1
2020-03-28 14:34:46,768 WARN o.a.j.t.JMeterThread: Interrupting: Thread Group202002 1-1 sampler: HTTP Request202002
2020-03-28 14:34:46,768 INFO o.a.j.t.JMeterThread: Thread finished: Thread Group202002 1-196
2020-03-28 14:34:46,768 INFO o.a.j.t.JMeterThread: Thread finished: Thread Group202002 1-21
2020-03-28 14:34:46,769 INFO o.a.j.t.JMeterThread: Thread finished: Thread Group202002 1-1
2020-03-28 14:34:46,769 INFO o.a.j.t.JMeterThread: Stopping: Thread Group202002 1-164
2020-03-28 14:34:46,769 WARN o.a.j.t.JMeterThread: Interrupting: Thread Group202002 1-164 sampler: HTTP Request202002
2020-03-28 14:34:46,769 INFO o.a.j.t.JMeterThread: Stopping: Thread Group202002 1-45
2020-03-28 14:34:46,769 WARN o.a.j.t.JMeterThread: Interrupting: Thread Group202002 1-45 sampler: HTTP Request202002
2020-03-28 14:34:46,769 INFO o.a.j.t.JMeterThread: Stopping: Thread Group202002 1-77
2020-03-28 14:34:46,769 WARN o.a.j.t.JMeterThread: Interrupting: Thread Group202002 1-77 sampler: HTTP Request202002
2020-03-28 14:34:46,769 INFO o.a.j.t.JMeterThread: Thread finished: Thread Group202002 1-45
2020-03-28 14:34:46,769 INFO o.a.j.t.JMeterThread: Thread finished: Thread Group202002 1-164
2020-03-28 14:34:46,770 INFO o.a.j.t.JMeterThread: Stopping: Thread Group202002 1-117
2020-03-28 14:34:46,770 INFO o.a.j.t.JMeterThread: Thread finished: Thread Group202002 1-77
2020-03-28 14:34:46,770 WARN o.a.j.t.JMeterThread: Interrupting: Thread Group202002 1-117 sampler: HTTP Request202002
2020-03-28 14:34:46,770 INFO o.a.j.t.JMeterThread: Thread finished: Thread Group202002 1-117
2020-03-28 14:34:46,770 INFO o.a.j.t.JMeterThread: Stopping: Thread Group202002 1-94
2020-03-28 14:34:46,770 WARN o.a.j.t.JMeterThread: Interrupting: Thread Group202002 1-94 sampler: HTTP Request202002
2020-03-28 14:34:46,771 INFO o.a.j.t.JMeterThread: Stopping: Thread Group202002 1-160
2020-03-28 14:34:46,771 WARN o.a.j.t.JMeterThread: Interrupting: Thread Group202002 1-160 sampler: HTTP Request202002
2020-03-28 14:34:46,771 INFO o.a.j.t.JMeterThread: Stopping: Thread Group202002 1-80
2020-03-28 14:34:46,771 WARN o.a.j.t.JMeterThread: Interrupting: Thread Group202002 1-80 sampler: HTTP Request202002
2020-03-28 14:34:46,772 INFO o.a.j.t.JMeterThread: Thread finished: Thread Group202002 1-160
2020-03-28 14:34:46,772 INFO o.a.j.t.JMeterThread: Thread finished: Thread Group202002 1-94
2020-03-28 14:34:46,772 INFO o.a.j.t.JMeterThread: Stopping: Thread Group202002 1-185
2020-03-28 14:34:46,772 INFO o.a.j.t.JMeterThread: Thread finished: Thread Group202002 1-80
2020-03-28 14:34:46,773 WARN o.a.j.t.JMeterThread: Interrupting: Thread Group202002 1-185 sampler: HTTP Request202002
2020-03-28 14:34:46,773 INFO o.a.j.t.JMeterThread: Stopping: Thread Group202002 1-95
2020-03-28 14:34:46,773 WARN o.a.j.t.JMeterThread: Interrupting: Thread Group202002 1-95 sampler: HTTP Request202002
2020-03-28 14:34:46,773 INFO o.a.j.t.JMeterThread: Stopping: Thread Group202002 1-90
2020-03-28 14:34:46,773 WARN o.a.j.t.JMeterThread: Interrupting: Thread Group202002 1-90 sampler: HTTP Request202002
2020-03-28 14:34:46,773 INFO o.a.j.t.JMeterThread: Stopping: Thread Group202002 1-119
2020-03-28 14:34:46,773 WARN o.a.j.t.JMeterThread: Interrupting: Thread Group202002 1-119 sampler: HTTP Request202002
2020-03-28 14:34:46,773 INFO o.a.j.t.JMeterThread: Thread finished: Thread Group202002 1-95
2020-03-28 14:34:46,773 INFO o.a.j.t.JMeterThread: Stopping: Thread Group202002 1-170
2020-03-28 14:34:46,774 WARN o.a.j.t.JMeterThread: Interrupting: Thread Group202002 1-170 sampler: HTTP Request202002
2020-03-28 14:34:46,773 INFO o.a.j.t.JMeterThread: Thread finished: Thread Group202002 1-185
2020-03-28 14:34:46,774 INFO o.a.j.t.JMeterThread: Thread finished: Thread Group202002 1-119
2020-03-28 14:34:46,774 INFO o.a.j.t.JMeterThread: Thread finished: Thread Group202002 1-170
2020-03-28 14:34:46,774 INFO o.a.j.t.JMeterThread: Thread finished: Thread Group202002 1-90
2020-03-28 14:34:46,775 INFO o.a.j.e.StandardJMeterEngine: Notifying test listeners of end of test
2020-03-28 14:34:46,776 INFO o.a.j.g.u.JMeterMenuBar: setRunning(false, *local*)
